[100%] Built target actuator
-- Install configuration: ""
-- Up-to-date: /application/rightbot_ws/src/actuator_interface/install/actuator/include/
-- Up-to-date: /application/rightbot_ws/src/actuator_interface/install/actuator/include//actuator
-- Up-to-date: /application/rightbot_ws/src/actuator_interface/install/actuator/include//actuator/actuator.hpp
-- Execute custom install script
-- Up-to-date symlink: /application/rightbot_ws/src/actuator_interface/install/actuator/share/actuator/environment/library_path.sh
-- Up-to-date symlink: /application/rightbot_ws/src/actuator_interface/install/actuator/share/actuator/environment/library_path.dsv
-- Up-to-date symlink: /application/rightbot_ws/src/actuator_interface/install/actuator/share/ament_index/resource_index/package_run_dependencies/actuator
-- Up-to-date symlink: /application/rightbot_ws/src/actuator_interface/install/actuator/share/ament_index/resource_index/parent_prefix_path/actuator
-- Up-to-date symlink: /application/rightbot_ws/src/actuator_interface/install/actuator/share/actuator/environment/ament_prefix_path.sh
-- Up-to-date symlink: /application/rightbot_ws/src/actuator_interface/install/actuator/share/actuator/environment/ament_prefix_path.dsv
-- Up-to-date symlink: /application/rightbot_ws/src/actuator_interface/install/actuator/share/actuator/environment/path.sh
-- Up-to-date symlink: /application/rightbot_ws/src/actuator_interface/install/actuator/share/actuator/environment/path.dsv
-- Up-to-date symlink: /application/rightbot_ws/src/actuator_interface/install/actuator/share/actuator/local_setup.bash
-- Up-to-date symlink: /application/rightbot_ws/src/actuator_interface/install/actuator/share/actuator/local_setup.sh
-- Up-to-date symlink: /application/rightbot_ws/src/actuator_interface/install/actuator/share/actuator/local_setup.zsh
-- Up-to-date symlink: /application/rightbot_ws/src/actuator_interface/install/actuator/share/actuator/local_setup.dsv
-- Symlinking: /application/rightbot_ws/src/actuator_interface/install/actuator/share/actuator/package.dsv
-- Up-to-date symlink: /application/rightbot_ws/src/actuator_interface/install/actuator/share/ament_index/resource_index/packages/actuator
-- Up-to-date symlink: /application/rightbot_ws/src/actuator_interface/install/actuator/share/actuator/cmake/ament_cmake_export_targets-extras.cmake
-- Up-to-date symlink: /application/rightbot_ws/src/actuator_interface/install/actuator/share/actuator/cmake/actuatorConfig.cmake
-- Up-to-date symlink: /application/rightbot_ws/src/actuator_interface/install/actuator/share/actuator/cmake/actuatorConfig-version.cmake
-- Up-to-date symlink: /application/rightbot_ws/src/actuator_interface/install/actuator/share/actuator/package.xml
-- Up-to-date: /application/rightbot_ws/src/actuator_interface/install/actuator/lib/libactuator.so
-- Up-to-date: /application/rightbot_ws/src/actuator_interface/install/actuator/share/actuator/cmake/actuatorExport.cmake
-- Up-to-date: /application/rightbot_ws/src/actuator_interface/install/actuator/share/actuator/cmake/actuatorExport-noconfig.cmake
