[0.023s] Invoking command in '/application/rightbot_ws/src/actuator_interface/build/actuator': CMAKE_PREFIX_PATH=${CMAKE_PREFIX_PATH}:/opt/ros/rolling /usr/bin/cmake --build /application/rightbot_ws/src/actuator_interface/build/actuator -- -j4 -l4
[0.073s] [100%] Built target actuator
[0.087s] Invoked command in '/application/rightbot_ws/src/actuator_interface/build/actuator' returned '0': CMAKE_PREFIX_PATH=${CMAKE_PREFIX_PATH}:/opt/ros/rolling /usr/bin/cmake --build /application/rightbot_ws/src/actuator_interface/build/actuator -- -j4 -l4
[0.125s] Invoking command in '/application/rightbot_ws/src/actuator_interface/build/actuator': CMAKE_PREFIX_PATH=${CMAKE_PREFIX_PATH}:/opt/ros/rolling /usr/bin/cmake --install /application/rightbot_ws/src/actuator_interface/build/actuator
[0.132s] -- Install configuration: ""
[0.132s] -- Up-to-date: /application/rightbot_ws/src/actuator_interface/install/actuator/include/
[0.132s] -- Up-to-date: /application/rightbot_ws/src/actuator_interface/install/actuator/include//actuator
[0.132s] -- Up-to-date: /application/rightbot_ws/src/actuator_interface/install/actuator/include//actuator/actuator.hpp
[0.132s] -- Execute custom install script
[0.133s] -- Up-to-date symlink: /application/rightbot_ws/src/actuator_interface/install/actuator/share/actuator/environment/library_path.sh
[0.133s] -- Up-to-date symlink: /application/rightbot_ws/src/actuator_interface/install/actuator/share/actuator/environment/library_path.dsv
[0.133s] -- Up-to-date symlink: /application/rightbot_ws/src/actuator_interface/install/actuator/share/ament_index/resource_index/package_run_dependencies/actuator
[0.134s] -- Up-to-date symlink: /application/rightbot_ws/src/actuator_interface/install/actuator/share/ament_index/resource_index/parent_prefix_path/actuator
[0.134s] -- Up-to-date symlink: /application/rightbot_ws/src/actuator_interface/install/actuator/share/actuator/environment/ament_prefix_path.sh
[0.134s] -- Up-to-date symlink: /application/rightbot_ws/src/actuator_interface/install/actuator/share/actuator/environment/ament_prefix_path.dsv
[0.134s] -- Up-to-date symlink: /application/rightbot_ws/src/actuator_interface/install/actuator/share/actuator/environment/path.sh
[0.135s] -- Up-to-date symlink: /application/rightbot_ws/src/actuator_interface/install/actuator/share/actuator/environment/path.dsv
[0.135s] -- Up-to-date symlink: /application/rightbot_ws/src/actuator_interface/install/actuator/share/actuator/local_setup.bash
[0.135s] -- Up-to-date symlink: /application/rightbot_ws/src/actuator_interface/install/actuator/share/actuator/local_setup.sh
[0.135s] -- Up-to-date symlink: /application/rightbot_ws/src/actuator_interface/install/actuator/share/actuator/local_setup.zsh
[0.136s] -- Up-to-date symlink: /application/rightbot_ws/src/actuator_interface/install/actuator/share/actuator/local_setup.dsv
[0.136s] -- Symlinking: /application/rightbot_ws/src/actuator_interface/install/actuator/share/actuator/package.dsv
[0.147s] -- Up-to-date symlink: /application/rightbot_ws/src/actuator_interface/install/actuator/share/ament_index/resource_index/packages/actuator
[0.147s] -- Up-to-date symlink: /application/rightbot_ws/src/actuator_interface/install/actuator/share/actuator/cmake/ament_cmake_export_targets-extras.cmake
[0.147s] -- Up-to-date symlink: /application/rightbot_ws/src/actuator_interface/install/actuator/share/actuator/cmake/actuatorConfig.cmake
[0.147s] -- Up-to-date symlink: /application/rightbot_ws/src/actuator_interface/install/actuator/share/actuator/cmake/actuatorConfig-version.cmake
[0.148s] -- Up-to-date symlink: /application/rightbot_ws/src/actuator_interface/install/actuator/share/actuator/package.xml
[0.150s] -- Up-to-date: /application/rightbot_ws/src/actuator_interface/install/actuator/lib/libactuator.so
[0.150s] -- Up-to-date: /application/rightbot_ws/src/actuator_interface/install/actuator/share/actuator/cmake/actuatorExport.cmake
[0.150s] -- Up-to-date: /application/rightbot_ws/src/actuator_interface/install/actuator/share/actuator/cmake/actuatorExport-noconfig.cmake
[0.168s] Invoked command in '/application/rightbot_ws/src/actuator_interface/build/actuator' returned '0': CMAKE_PREFIX_PATH=${CMAKE_PREFIX_PATH}:/opt/ros/rolling /usr/bin/cmake --install /application/rightbot_ws/src/actuator_interface/build/actuator
