[ 17%] Built target socketcan
[ 41%] Built target canopen
[35m[1mScanning dependencies of target motor[0m
[ 47%] [32mBuilding CXX object CMakeFiles/motor.dir/src/motor_feedback.cpp.o[0m
[01m[K/application/rightbot_ws/src/actuator_interface/motor/src/motor_feedback.cpp:[m[K In member function ‘[01m[Kint MotorFeedback::motor_status_n_voltage_read(int, uint16_t*, float*, int)[m[K’:
[01m[K/application/rightbot_ws/src/actuator_interface/motor/src/motor_feedback.cpp:33:11:[m[K [01;35m[Kwarning: [m[Kcomparison of integer expressions of different signedness: ‘[01m[Kuint32_t[m[K’ {aka ‘[01m[Kunsigned int[m[K’} and ‘[01m[Kint[m[K’ [[01;35m[K-Wsign-compare[m[K]
   33 |  if ([01;35m[Kf.id == (PDO_TX1_ID + motor_id)[m[K){
      |      [01;35m[K~~~~~^~~~~~~~~~~~~~~~~~~~~~~~~~[m[K
[01m[K/application/rightbot_ws/src/actuator_interface/motor/src/motor_feedback.cpp:[m[K In member function ‘[01m[Kint MotorFeedback::motor_enc_read(int, uint32_t*, int)[m[K’:
[01m[K/application/rightbot_ws/src/actuator_interface/motor/src/motor_feedback.cpp:51:11:[m[K [01;35m[Kwarning: [m[Kcomparison of integer expressions of different signedness: ‘[01m[Kuint32_t[m[K’ {aka ‘[01m[Kunsigned int[m[K’} and ‘[01m[Kint[m[K’ [[01;35m[K-Wsign-compare[m[K]
   51 |  if ([01;35m[Kf.id == (PDO_TX3_ID + motor_id)[m[K)
      |      [01;35m[K~~~~~^~~~~~~~~~~~~~~~~~~~~~~~~~[m[K
[01m[K/application/rightbot_ws/src/actuator_interface/motor/src/motor_feedback.cpp:[m[K In member function ‘[01m[Kint MotorFeedback::motor_vel_read(int, double*, int)[m[K’:
[01m[K/application/rightbot_ws/src/actuator_interface/motor/src/motor_feedback.cpp:81:11:[m[K [01;35m[Kwarning: [m[Kcomparison of integer expressions of different signedness: ‘[01m[Kuint32_t[m[K’ {aka ‘[01m[Kunsigned int[m[K’} and ‘[01m[Kint[m[K’ [[01;35m[K-Wsign-compare[m[K]
   81 |  if ([01;35m[Kf.id == (PDO_TX2_ID + motor_id)[m[K)
      |      [01;35m[K~~~~~^~~~~~~~~~~~~~~~~~~~~~~~~~[m[K
[01m[K/application/rightbot_ws/src/actuator_interface/motor/src/motor_feedback.cpp:75:13:[m[K [01;35m[Kwarning: [m[Kunused variable ‘[01m[Krpm[m[K’ [[01;35m[K-Wunused-variable[m[K]
   75 |     int32_t [01;35m[Krpm[m[K;
      |             [01;35m[K^~~[m[K
[01m[K/application/rightbot_ws/src/actuator_interface/motor/src/motor_feedback.cpp:[m[K In member function ‘[01m[Kint MotorFeedback::motor_system_status_read(int, uint32_t*, uint32_t*, int)[m[K’:
[01m[K/application/rightbot_ws/src/actuator_interface/motor/src/motor_feedback.cpp:99:11:[m[K [01;35m[Kwarning: [m[Kcomparison of integer expressions of different signedness: ‘[01m[Kuint32_t[m[K’ {aka ‘[01m[Kunsigned int[m[K’} and ‘[01m[Kint[m[K’ [[01;35m[K-Wsign-compare[m[K]
   99 |  if ([01;35m[Kf.id == (PDO_TX4_ID + motor_id)[m[K)
      |      [01;35m[K~~~~~^~~~~~~~~~~~~~~~~~~~~~~~~~[m[K
[01m[K/application/rightbot_ws/src/actuator_interface/motor/src/motor_feedback.cpp:[m[K In member function ‘[01m[Kint MotorFeedback::motorFeedback(int, MotorFeedback::feedback_s*)[m[K’:
[01m[K/application/rightbot_ws/src/actuator_interface/motor/src/motor_feedback.cpp:124:1:[m[K [01;35m[Kwarning: [m[Kno return statement in function returning non-void [[01;35m[K-Wreturn-type[m[K]
  124 | [01;35m[K}[m[K
      | [01;35m[K^[m[K
In file included from [01m[K/application/rightbot_ws/src/actuator_interface/motor/include/../../canopen/canopen.h:3[m[K,
                 from [01m[K/application/rightbot_ws/src/actuator_interface/motor/include/sockets.hpp:9[m[K,
                 from [01m[K/application/rightbot_ws/src/actuator_interface/motor/include/motor_feedback.hpp:8[m[K,
                 from [01m[K/application/rightbot_ws/src/actuator_interface/motor/src/motor_feedback.cpp:1[m[K:
[01m[K/application/rightbot_ws/src/actuator_interface/motor/include/../../canopen/NMT.h:[m[K At global scope:
[01m[K/application/rightbot_ws/src/actuator_interface/motor/include/../../canopen/NMT.h:16:3:[m[K [01;35m[Kwarning: [m[K‘[01m[KNMT_transisions_t[m[K’ defined but not used [[01;35m[K-Wunused-variable[m[K]
   16 | } [01;35m[KNMT_transisions_t[m[K;
      |   [01;35m[K^~~~~~~~~~~~~~~~~[m[K
[ 52%] [32m[1mLinking CXX shared library libmotor.so[0m
[ 82%] Built target motor
[ 88%] [32m[1mLinking CXX executable test_actuator_interface[0m
[100%] Built target test_actuator_interface
-- Install configuration: ""
-- Execute custom install script
-- Up-to-date symlink: /application/rightbot_ws/src/actuator_interface/install/motor/lib/motor/test_actuator_interface
-- Up-to-date symlink: /application/rightbot_ws/src/actuator_interface/install/motor/lib/motor/libmotor.so
-- Up-to-date symlink: /application/rightbot_ws/src/actuator_interface/install/motor/lib/test_actuator_interface
-- Up-to-date symlink: /application/rightbot_ws/src/actuator_interface/install/motor/lib/libmotor.so
-- Up-to-date symlink: /application/rightbot_ws/src/actuator_interface/install/motor/share/ament_index/resource_index/package_run_dependencies/motor
-- Up-to-date symlink: /application/rightbot_ws/src/actuator_interface/install/motor/share/ament_index/resource_index/parent_prefix_path/motor
-- Up-to-date symlink: /application/rightbot_ws/src/actuator_interface/install/motor/share/motor/environment/ament_prefix_path.sh
-- Up-to-date symlink: /application/rightbot_ws/src/actuator_interface/install/motor/share/motor/environment/ament_prefix_path.dsv
-- Up-to-date symlink: /application/rightbot_ws/src/actuator_interface/install/motor/share/motor/environment/path.sh
-- Up-to-date symlink: /application/rightbot_ws/src/actuator_interface/install/motor/share/motor/environment/path.dsv
-- Up-to-date symlink: /application/rightbot_ws/src/actuator_interface/install/motor/share/motor/local_setup.bash
-- Up-to-date symlink: /application/rightbot_ws/src/actuator_interface/install/motor/share/motor/local_setup.sh
-- Up-to-date symlink: /application/rightbot_ws/src/actuator_interface/install/motor/share/motor/local_setup.zsh
-- Up-to-date symlink: /application/rightbot_ws/src/actuator_interface/install/motor/share/motor/local_setup.dsv
-- Symlinking: /application/rightbot_ws/src/actuator_interface/install/motor/share/motor/package.dsv
-- Up-to-date symlink: /application/rightbot_ws/src/actuator_interface/install/motor/share/ament_index/resource_index/packages/motor
-- Up-to-date symlink: /application/rightbot_ws/src/actuator_interface/install/motor/share/motor/cmake/motorConfig.cmake
-- Up-to-date symlink: /application/rightbot_ws/src/actuator_interface/install/motor/share/motor/cmake/motorConfig-version.cmake
-- Up-to-date symlink: /application/rightbot_ws/src/actuator_interface/install/motor/share/motor/package.xml
