[0.030s] Invoking command in '/application/rightbot_ws/src/actuator_interface/build/motor': CMAKE_PREFIX_PATH=${CMAKE_PREFIX_PATH}:/opt/ros/rolling /usr/bin/cmake /application/rightbot_ws/src/actuator_interface/motor -DAMENT_CMAKE_SYMLINK_INSTALL=1 -DCMAKE_INSTALL_PREFIX=/application/rightbot_ws/src/actuator_interface/install/motor
[0.184s] -- The C compiler identification is GNU 9.4.0
[0.280s] -- The CXX compiler identification is GNU 9.4.0
[0.289s] -- Check for working C compiler: /usr/bin/cc
[0.384s] -- Check for working C compiler: /usr/bin/cc -- works
[0.386s] -- Detecting C compiler ABI info
[0.474s] -- Detecting C compiler ABI info - done
[0.494s] -- Detecting C compile features
[0.495s] -- Detecting C compile features - done
[0.499s] -- Check for working CXX compiler: /usr/bin/c++
[0.600s] -- Check for working CXX compiler: /usr/bin/c++ -- works
[0.601s] -- Detecting CXX compiler ABI info
[0.707s] -- Detecting CXX compiler ABI info - done
[0.728s] -- Detecting CXX compile features
[0.729s] -- Detecting CXX compile features - done
[0.736s] -- Looking for pthread.h
[0.841s] -- Looking for pthread.h - found
[0.842s] -- Performing Test CMAKE_HAVE_LIBC_PTHREAD
[0.947s] -- Performing Test CMAKE_HAVE_LIBC_PTHREAD - Failed
[0.947s] -- Looking for pthread_create in pthreads
[1.029s] -- Looking for pthread_create in pthreads - not found
[1.029s] -- Looking for pthread_create in pthread
[1.150s] -- Looking for pthread_create in pthread - found
[1.151s] -- Found Threads: TRUE  
[1.155s] -- Found ament_cmake: 1.2.1 (/opt/ros/rolling/share/ament_cmake/cmake)
[1.358s] -- Found Python3: /usr/bin/python3.8 (found version "3.8.10") found components: Interpreter 
[1.488s] -- Override CMake install command with custom implementation using symlinks instead of copying resources
[1.524s] -- Found rclcpp: 15.0.0 (/opt/ros/rolling/share/rclcpp/cmake)
[1.927s] -- Using all available rosidl_typesupport_c: rosidl_typesupport_fastrtps_c;rosidl_typesupport_introspection_c
[1.953s] -- Found rosidl_adapter: 3.0.1 (/opt/ros/rolling/share/rosidl_adapter/cmake)
[2.259s] -- Using all available rosidl_typesupport_cpp: rosidl_typesupport_fastrtps_cpp;rosidl_typesupport_introspection_cpp
[2.457s] -- Found rmw_implementation_cmake: 5.1.0 (/opt/ros/rolling/share/rmw_implementation_cmake/cmake)
[2.469s] -- Found rmw_cyclonedds_cpp: 1.1.2 (/opt/ros/rolling/share/rmw_cyclonedds_cpp/cmake)
[2.521s] -- Using RMW implementation 'rmw_cyclonedds_cpp' as default
[2.974s] -- Configuring done
[2.995s] -- Generating done
[2.998s] -- Build files have been written to: /application/rightbot_ws/src/actuator_interface/build/motor
[3.004s] Invoked command in '/application/rightbot_ws/src/actuator_interface/build/motor' returned '0': CMAKE_PREFIX_PATH=${CMAKE_PREFIX_PATH}:/opt/ros/rolling /usr/bin/cmake /application/rightbot_ws/src/actuator_interface/motor -DAMENT_CMAKE_SYMLINK_INSTALL=1 -DCMAKE_INSTALL_PREFIX=/application/rightbot_ws/src/actuator_interface/install/motor
[3.006s] Invoking command in '/application/rightbot_ws/src/actuator_interface/build/motor': CMAKE_PREFIX_PATH=${CMAKE_PREFIX_PATH}:/opt/ros/rolling /usr/bin/cmake --build /application/rightbot_ws/src/actuator_interface/build/motor -- -j4 -l4
[3.046s] [35m[1mScanning dependencies of target socketcan[0m
[3.058s] [  5%] [32mBuilding C object CMakeFiles/socketcan.dir/application/rightbot_ws/src/actuator_interface/socketcan/printd.c.o[0m
[3.058s] [ 11%] [32mBuilding C object CMakeFiles/socketcan.dir/application/rightbot_ws/src/actuator_interface/socketcan/socketcan.c.o[0m
[3.066s] [01m[K/application/rightbot_ws/src/actuator_interface/socketcan/printd.c:[m[K In function ‘[01m[Kprintd[m[K’:
[3.067s] [01m[K/application/rightbot_ws/src/actuator_interface/socketcan/printd.c:22:22:[m[K [01;35m[Kwarning: [m[Knon-ISO-standard escape sequence, '\e'
[3.067s]    22 |  const char* color = [01;35m[K"\e[%d;%dm"[m[K;
[3.067s]       |                      [01;35m[K^~~~~~~~~~~[m[K
[3.067s] [01m[K/application/rightbot_ws/src/actuator_interface/socketcan/printd.c:43:9:[m[K [01;35m[Kwarning: [m[Knon-ISO-standard escape sequence, '\e'
[3.067s]    43 |  printf([01;35m[K"\e[%d;%dm"[m[K, 0, 0);
[3.067s]       |         [01;35m[K^~~~~~~~~~~[m[K
[3.081s] [01m[K/application/rightbot_ws/src/actuator_interface/socketcan/socketcan.c:[m[K In function ‘[01m[Ksocketcan_open[m[K’:
[3.082s] [01m[K/application/rightbot_ws/src/actuator_interface/socketcan/socketcan.c:41:16:[m[K [01;35m[Kwarning: [m[Kcomparison of integer expressions of different signedness: ‘[01m[Kint[m[K’ and ‘[01m[Kuint32_t[m[K’ {aka ‘[01m[Kunsigned int[m[K’} [[01;35m[K-Wsign-compare[m[K]
[3.082s]    41 |  for(int i=0; i[01;35m[K<[m[Knum_filters; i++) {
[3.082s]       |                [01;35m[K^[m[K
[3.082s] [01m[K/application/rightbot_ws/src/actuator_interface/socketcan/socketcan.c:[m[K In function ‘[01m[Ksocketcan_read[m[K’:
[3.082s] [01m[K/application/rightbot_ws/src/actuator_interface/socketcan/socketcan.c:70:13:[m[K [01;35m[Kwarning: [m[Kvariable ‘[01m[Kt[m[K’ set but not used [[01;35m[K-Wunused-but-set-variable[m[K]
[3.082s]    70 |  int bytes, [01;35m[Kt[m[K;
[3.082s]       |             [01;35m[K^[m[K
[3.103s] [ 17%] [32m[1mLinking C shared library libsocketcan.so[0m
[3.139s] [ 17%] Built target socketcan
[3.151s] [35m[1mScanning dependencies of target canopen[0m
[3.164s] [ 23%] [32mBuilding C object CMakeFiles/canopen.dir/application/rightbot_ws/src/actuator_interface/canopen/NMT.c.o[0m
[3.167s] [ 35%] [32mBuilding C object CMakeFiles/canopen.dir/application/rightbot_ws/src/actuator_interface/canopen/PDO.c.o[0m
[3.167s] [ 35%] [32mBuilding C object CMakeFiles/canopen.dir/application/rightbot_ws/src/actuator_interface/canopen/SDO.c.o[0m
[3.174s] In file included from [01m[K/application/rightbot_ws/src/actuator_interface/canopen/NMT.c:1[m[K:
[3.175s] [01m[K/application/rightbot_ws/src/actuator_interface/canopen/NMT.h:16:3:[m[K [01;35m[Kwarning: [m[K‘[01m[KNMT_transisions_t[m[K’ defined but not used [[01;35m[K-Wunused-variable[m[K]
[3.175s]    16 | } [01;35m[KNMT_transisions_t[m[K;
[3.175s]       |   [01;35m[K^~~~~~~~~~~~~~~~~[m[K
[3.179s] [01m[K/application/rightbot_ws/src/actuator_interface/canopen/SDO.c:[m[K In function ‘[01m[KSDO_write[m[K’:
[3.179s] [01m[K/application/rightbot_ws/src/actuator_interface/canopen/SDO.c:65:3:[m[K [01;35m[Kwarning: [m[Kimplicit declaration of function ‘[01m[Kprintf[m[K’ [[01;35m[K-Wimplicit-function-declaration[m[K]
[3.179s]    65 |   [01;35m[Kprintf[m[K("err=%d node=0x%x index=0x%x sub=0x%x from=0x%x res=0x%x\n", err, d->nodeid, d->index, d->subindex, f.id, f.data[0]);
[3.179s]       |   [01;35m[K^~~~~~[m[K
[3.179s] [01m[K/application/rightbot_ws/src/actuator_interface/canopen/SDO.c:65:3:[m[K [01;35m[Kwarning: [m[Kincompatible implicit declaration of built-in function ‘[01m[Kprintf[m[K’
[3.179s] [01m[K/application/rightbot_ws/src/actuator_interface/canopen/SDO.c:4:1:[m[K [01;36m[Knote: [m[Kinclude ‘[01m[K<stdio.h>[m[K’ or provide a declaration of ‘[01m[Kprintf[m[K’
[3.180s]     3 | #include "../socketcan/printd.h"
[3.180s]   +++ |+[32m[K#include <stdio.h>[m[K
[3.180s]     4 | 
[3.203s] [ 41%] [32m[1mLinking C shared library libcanopen.so[0m
[3.232s] [ 41%] Built target canopen
[3.240s] [35m[1mScanning dependencies of target motor[0m
[3.322s] [ 58%] [32mBuilding CXX object CMakeFiles/motor.dir/src/motor_controls.cpp.o[0m
[3.322s] [ 58%] [32mBuilding CXX object CMakeFiles/motor.dir/src/motor.cpp.o[0m
[3.322s] [ 58%] [32mBuilding CXX object CMakeFiles/motor.dir/src/sockets.cpp.o[0m
[3.327s] [ 64%] [32mBuilding CXX object CMakeFiles/motor.dir/src/motor_feedback.cpp.o[0m
[4.582s] [01m[K/application/rightbot_ws/src/actuator_interface/motor/src/sockets.cpp:[m[K In member function ‘[01m[Kbool Sockets::createSockets(int)[m[K’:
[4.582s] [01m[K/application/rightbot_ws/src/actuator_interface/motor/src/sockets.cpp:27:14:[m[K [01;35m[Kwarning: [m[Knarrowing conversion of ‘[01m[K(((int)PDO_TX1_ID) + motor_id)[m[K’ from ‘[01m[Kint[m[K’ to ‘[01m[Kuint32_t[m[K’ {aka ‘[01m[Kunsigned int[m[K’} [[01;35m[K-Wnarrowing[m[K]
[4.583s]    27 |   [01;35m[KPDO_TX1_ID + motor_id[m[K,
[4.583s]       |   [01;35m[K~~~~~~~~~~~^~~~~~~~~~[m[K
[4.583s] [01m[K/application/rightbot_ws/src/actuator_interface/motor/src/sockets.cpp:33:14:[m[K [01;35m[Kwarning: [m[Knarrowing conversion of ‘[01m[K(((int)PDO_TX2_ID) + motor_id)[m[K’ from ‘[01m[Kint[m[K’ to ‘[01m[Kuint32_t[m[K’ {aka ‘[01m[Kunsigned int[m[K’} [[01;35m[K-Wnarrowing[m[K]
[4.583s]    33 |   [01;35m[KPDO_TX2_ID + motor_id[m[K,
[4.583s]       |   [01;35m[K~~~~~~~~~~~^~~~~~~~~~[m[K
[4.583s] [01m[K/application/rightbot_ws/src/actuator_interface/motor/src/sockets.cpp:39:14:[m[K [01;35m[Kwarning: [m[Knarrowing conversion of ‘[01m[K(((int)PDO_TX3_ID) + motor_id)[m[K’ from ‘[01m[Kint[m[K’ to ‘[01m[Kuint32_t[m[K’ {aka ‘[01m[Kunsigned int[m[K’} [[01;35m[K-Wnarrowing[m[K]
[4.584s]    39 |   [01;35m[KPDO_TX3_ID + motor_id[m[K,
[4.584s]       |   [01;35m[K~~~~~~~~~~~^~~~~~~~~~[m[K
[4.584s] [01m[K/application/rightbot_ws/src/actuator_interface/motor/src/sockets.cpp:45:14:[m[K [01;35m[Kwarning: [m[Knarrowing conversion of ‘[01m[K(((int)PDO_TX4_ID) + motor_id)[m[K’ from ‘[01m[Kint[m[K’ to ‘[01m[Kuint32_t[m[K’ {aka ‘[01m[Kunsigned int[m[K’} [[01;35m[K-Wnarrowing[m[K]
[4.584s]    45 |   [01;35m[KPDO_TX4_ID + motor_id[m[K,
[4.584s]       |   [01;35m[K~~~~~~~~~~~^~~~~~~~~~[m[K
[4.584s] [01m[K/application/rightbot_ws/src/actuator_interface/motor/src/sockets.cpp:52:10:[m[K [01;35m[Kwarning: [m[Knarrowing conversion of ‘[01m[K(((int)SDO_TX) + motor_id)[m[K’ from ‘[01m[Kint[m[K’ to ‘[01m[Kuint32_t[m[K’ {aka ‘[01m[Kunsigned int[m[K’} [[01;35m[K-Wnarrowing[m[K]
[4.584s]    52 |   [01;35m[KSDO_TX + motor_id[m[K
[4.584s]       |   [01;35m[K~~~~~~~^~~~~~~~~~[m[K
[4.584s] [01m[K/application/rightbot_ws/src/actuator_interface/motor/src/sockets.cpp:59:10:[m[K [01;35m[Kwarning: [m[Knarrowing conversion of ‘[01m[K(1792 + motor_id)[m[K’ from ‘[01m[Kint[m[K’ to ‘[01m[Kuint32_t[m[K’ {aka ‘[01m[Kunsigned int[m[K’} [[01;35m[K-Wnarrowing[m[K]
[4.585s]    59 |   NMT_TX + motor_id};
[4.587s] [01m[K/application/rightbot_ws/src/actuator_interface/motor/src/motor_feedback.cpp:[m[K In member function ‘[01m[Kint MotorFeedback::motor_status_n_voltage_read(int, uint16_t*, float*, int)[m[K’:
[4.588s] [01m[K/application/rightbot_ws/src/actuator_interface/motor/src/motor_feedback.cpp:33:11:[m[K [01;35m[Kwarning: [m[Kcomparison of integer expressions of different signedness: ‘[01m[Kuint32_t[m[K’ {aka ‘[01m[Kunsigned int[m[K’} and ‘[01m[Kint[m[K’ [[01;35m[K-Wsign-compare[m[K]
[4.588s]    33 |  if ([01;35m[Kf.id == (PDO_TX1_ID + motor_id)[m[K){
[4.588s]       |      [01;35m[K~~~~~^~~~~~~~~~~~~~~~~~~~~~~~~~[m[K
[4.588s] [01m[K/application/rightbot_ws/src/actuator_interface/motor/src/motor_feedback.cpp:[m[K In member function ‘[01m[Kint MotorFeedback::motor_enc_read(int, uint32_t*, int)[m[K’:
[4.588s] [01m[K/application/rightbot_ws/src/actuator_interface/motor/src/motor_feedback.cpp:51:11:[m[K [01;35m[Kwarning: [m[Kcomparison of integer expressions of different signedness: ‘[01m[Kuint32_t[m[K’ {aka ‘[01m[Kunsigned int[m[K’} and ‘[01m[Kint[m[K’ [[01;35m[K-Wsign-compare[m[K]
[4.588s]    51 |  if ([01;35m[Kf.id == (PDO_TX3_ID + motor_id)[m[K)
[4.588s]       |      [01;35m[K~~~~~^~~~~~~~~~~~~~~~~~~~~~~~~~[m[K
[4.589s] [01m[K/application/rightbot_ws/src/actuator_interface/motor/src/motor_feedback.cpp:[m[K In member function ‘[01m[Kint MotorFeedback::motor_vel_read(int, double*, int)[m[K’:
[4.589s] [01m[K/application/rightbot_ws/src/actuator_interface/motor/src/motor_feedback.cpp:81:11:[m[K [01;35m[Kwarning: [m[Kcomparison of integer expressions of different signedness: ‘[01m[Kuint32_t[m[K’ {aka ‘[01m[Kunsigned int[m[K’} and ‘[01m[Kint[m[K’ [[01;35m[K-Wsign-compare[m[K]
[4.589s]    81 |  if ([01;35m[Kf.id == (PDO_TX2_ID + motor_id)[m[K)
[4.589s]       |      [01;35m[K~~~~~^~~~~~~~~~~~~~~~~~~~~~~~~~[m[K
[4.589s] [01m[K/application/rightbot_ws/src/actuator_interface/motor/src/motor_feedback.cpp:75:13:[m[K [01;35m[Kwarning: [m[Kunused variable ‘[01m[Krpm[m[K’ [[01;35m[K-Wunused-variable[m[K]
[4.589s]    75 |     int32_t [01;35m[Krpm[m[K;
[4.589s]       |             [01;35m[K^~~[m[K
[4.589s] [01m[K/application/rightbot_ws/src/actuator_interface/motor/src/motor_feedback.cpp:[m[K In member function ‘[01m[Kint MotorFeedback::motor_system_status_read(int, uint32_t*, uint32_t*, int)[m[K’:
[4.589s] [01m[K/application/rightbot_ws/src/actuator_interface/motor/src/motor_feedback.cpp:99:11:[m[K [01;35m[Kwarning: [m[Kcomparison of integer expressions of different signedness: ‘[01m[Kuint32_t[m[K’ {aka ‘[01m[Kunsigned int[m[K’} and ‘[01m[Kint[m[K’ [[01;35m[K-Wsign-compare[m[K]
[4.590s]    99 |  if ([01;35m[Kf.id == (PDO_TX4_ID + motor_id)[m[K)
[4.592s]       |      [01;35m[K~~~~~^~~~~~~~~~~~~~~~~~~~~~~~~~[m[K
[4.592s] [01m[K/application/rightbot_ws/src/actuator_interface/motor/src/motor_feedback.cpp:[m[K In member function ‘[01m[Kint MotorFeedback::motorFeedback(int, MotorFeedback::feedback_s*)[m[K’:
[4.593s] [01m[K/application/rightbot_ws/src/actuator_interface/motor/src/motor_feedback.cpp:123:1:[m[K [01;35m[Kwarning: [m[Kno return statement in function returning non-void [[01;35m[K-Wreturn-type[m[K]
[4.593s]   123 | [01;35m[K}[m[K
[4.593s]       | [01;35m[K^[m[K
[4.614s] In file included from [01m[K/application/rightbot_ws/src/actuator_interface/motor/src/motor_controls.cpp:1[m[K:
[4.614s] [01m[K/application/rightbot_ws/src/actuator_interface/motor/include/motor_controls.hpp:90:53:[m[K [01;35m[Kwarning: [m[Kmissing initializer for member ‘[01m[KMotorControls::md_control_register_s_::control_s_::enable_voltage[m[K’ [[01;35m[K-Wmissing-field-initializers[m[K]
[4.614s]    90 |     md_control_register_u_t md_control_register = {0[01;35m[K}[m[K;
[4.615s]       |                                                     [01;35m[K^[m[K
[4.615s] [01m[K/application/rightbot_ws/src/actuator_interface/motor/include/motor_controls.hpp:90:53:[m[K [01;35m[Kwarning: [m[Kmissing initializer for member ‘[01m[KMotorControls::md_control_register_s_::control_s_::quick_stop[m[K’ [[01;35m[K-Wmissing-field-initializers[m[K]
[4.615s] [01m[K/application/rightbot_ws/src/actuator_interface/motor/include/motor_controls.hpp:90:53:[m[K [01;35m[Kwarning: [m[Kmissing initializer for member ‘[01m[KMotorControls::md_control_register_s_::control_s_::enable_operation[m[K’ [[01;35m[K-Wmissing-field-initializers[m[K]
[4.615s] [01m[K/application/rightbot_ws/src/actuator_interface/motor/include/motor_controls.hpp:90:53:[m[K [01;35m[Kwarning: [m[Kmissing initializer for member ‘[01m[KMotorControls::md_control_register_s_::control_s_::new_setpoint[m[K’ [[01;35m[K-Wmissing-field-initializers[m[K]
[4.615s] [01m[K/application/rightbot_ws/src/actuator_interface/motor/include/motor_controls.hpp:90:53:[m[K [01;35m[Kwarning: [m[Kmissing initializer for member ‘[01m[KMotorControls::md_control_register_s_::control_s_::instantaneous_change_set[m[K’ [[01;35m[K-Wmissing-field-initializers[m[K]
[4.615s] [01m[K/application/rightbot_ws/src/actuator_interface/motor/include/motor_controls.hpp:90:53:[m[K [01;35m[Kwarning: [m[Kmissing initializer for member ‘[01m[KMotorControls::md_control_register_s_::control_s_::absolute_or_relative[m[K’ [[01;35m[K-Wmissing-field-initializers[m[K]
[4.615s] [01m[K/application/rightbot_ws/src/actuator_interface/motor/include/motor_controls.hpp:90:53:[m[K [01;35m[Kwarning: [m[Kmissing initializer for member ‘[01m[KMotorControls::md_control_register_s_::control_s_::reset_fault[m[K’ [[01;35m[K-Wmissing-field-initializers[m[K]
[4.615s] [01m[K/application/rightbot_ws/src/actuator_interface/motor/include/motor_controls.hpp:90:53:[m[K [01;35m[Kwarning: [m[Kmissing initializer for member ‘[01m[KMotorControls::md_control_register_s_::control_s_::halt[m[K’ [[01;35m[K-Wmissing-field-initializers[m[K]
[4.616s] [01m[K/application/rightbot_ws/src/actuator_interface/motor/include/motor_controls.hpp:90:53:[m[K [01;35m[Kwarning: [m[Kmissing initializer for member ‘[01m[KMotorControls::md_control_register_s_::control_s_::reserved[m[K’ [[01;35m[K-Wmissing-field-initializers[m[K]
[4.616s] [01m[K/application/rightbot_ws/src/actuator_interface/motor/src/motor_controls.cpp:[m[K In member function ‘[01m[Kint MotorControls::set_vel_speed(uint16_t, int, float)[m[K’:
[4.616s] [01m[K/application/rightbot_ws/src/actuator_interface/motor/src/motor_controls.cpp:29:7:[m[K [01;35m[Kwarning: [m[Knarrowing conversion of ‘[01m[K(int32_t)rpm[m[K’ from ‘[01m[Kint32_t[m[K’ {aka ‘[01m[Kint[m[K’} to ‘[01m[Kuint32_t[m[K’ {aka ‘[01m[Kunsigned int[m[K’} [[01;35m[K-Wnarrowing[m[K]
[4.616s]    29 |   {4, [01;35m[Krpm[m[K}};
[4.616s]       |       [01;35m[K^~~[m[K
[4.620s] [01m[K/application/rightbot_ws/src/actuator_interface/motor/src/motor_controls.cpp:[m[K In member function ‘[01m[Kbool MotorControls::motor_command(int, std::string, MotorControls::position_cmd_t, MotorControls::velocity_cmd_t)[m[K’:
[4.620s] [01m[K/application/rightbot_ws/src/actuator_interface/motor/src/motor_controls.cpp:146:1:[m[K [01;35m[Kwarning: [m[Kno return statement in function returning non-void [[01;35m[K-Wreturn-type[m[K]
[4.620s]   146 | [01;35m[K}[m[K
[4.620s]       | [01;35m[K^[m[K
[4.620s] [01m[K/application/rightbot_ws/src/actuator_interface/motor/src/motor_controls.cpp:[m[K In member function ‘[01m[Kint MotorControls::motor_setmode_sdo(uint16_t, MotorControls::Motor_mode)[m[K’:
[4.621s] [01m[K/application/rightbot_ws/src/actuator_interface/motor/src/motor_controls.cpp:149:9:[m[K [01;35m[Kwarning: [m[Kunused variable ‘[01m[Kerr[m[K’ [[01;35m[K-Wunused-variable[m[K]
[4.621s]   149 |     int [01;35m[Kerr[m[K = 0;
[4.621s]       |         [01;35m[K^~~[m[K
[4.732s] In file included from [01m[K/application/rightbot_ws/src/actuator_interface/motor/include/motor.hpp:11[m[K,
[4.732s]                  from [01m[K/application/rightbot_ws/src/actuator_interface/motor/src/motor.cpp:1[m[K:
[4.732s] [01m[K/application/rightbot_ws/src/actuator_interface/motor/include/motor_controls.hpp:90:53:[m[K [01;35m[Kwarning: [m[Kmissing initializer for member ‘[01m[KMotorControls::md_control_register_s_::control_s_::enable_voltage[m[K’ [[01;35m[K-Wmissing-field-initializers[m[K]
[4.732s]    90 |     md_control_register_u_t md_control_register = {0[01;35m[K}[m[K;
[4.732s]       |                                                     [01;35m[K^[m[K
[4.733s] [01m[K/application/rightbot_ws/src/actuator_interface/motor/include/motor_controls.hpp:90:53:[m[K [01;35m[Kwarning: [m[Kmissing initializer for member ‘[01m[KMotorControls::md_control_register_s_::control_s_::quick_stop[m[K’ [[01;35m[K-Wmissing-field-initializers[m[K]
[4.733s] [01m[K/application/rightbot_ws/src/actuator_interface/motor/include/motor_controls.hpp:90:53:[m[K [01;35m[Kwarning: [m[Kmissing initializer for member ‘[01m[KMotorControls::md_control_register_s_::control_s_::enable_operation[m[K’ [[01;35m[K-Wmissing-field-initializers[m[K]
[4.733s] [01m[K/application/rightbot_ws/src/actuator_interface/motor/include/motor_controls.hpp:90:53:[m[K [01;35m[Kwarning: [m[Kmissing initializer for member ‘[01m[KMotorControls::md_control_register_s_::control_s_::new_setpoint[m[K’ [[01;35m[K-Wmissing-field-initializers[m[K]
[4.733s] [01m[K/application/rightbot_ws/src/actuator_interface/motor/include/motor_controls.hpp:90:53:[m[K [01;35m[Kwarning: [m[Kmissing initializer for member ‘[01m[KMotorControls::md_control_register_s_::control_s_::instantaneous_change_set[m[K’ [[01;35m[K-Wmissing-field-initializers[m[K]
[4.733s] [01m[K/application/rightbot_ws/src/actuator_interface/motor/include/motor_controls.hpp:90:53:[m[K [01;35m[Kwarning: [m[Kmissing initializer for member ‘[01m[KMotorControls::md_control_register_s_::control_s_::absolute_or_relative[m[K’ [[01;35m[K-Wmissing-field-initializers[m[K]
[4.733s] [01m[K/application/rightbot_ws/src/actuator_interface/motor/include/motor_controls.hpp:90:53:[m[K [01;35m[Kwarning: [m[Kmissing initializer for member ‘[01m[KMotorControls::md_control_register_s_::control_s_::reset_fault[m[K’ [[01;35m[K-Wmissing-field-initializers[m[K]
[4.733s] [01m[K/application/rightbot_ws/src/actuator_interface/motor/include/motor_controls.hpp:90:53:[m[K [01;35m[Kwarning: [m[Kmissing initializer for member ‘[01m[KMotorControls::md_control_register_s_::control_s_::halt[m[K’ [[01;35m[K-Wmissing-field-initializers[m[K]
[4.733s] [01m[K/application/rightbot_ws/src/actuator_interface/motor/include/motor_controls.hpp:90:53:[m[K [01;35m[Kwarning: [m[Kmissing initializer for member ‘[01m[KMotorControls::md_control_register_s_::control_s_::reserved[m[K’ [[01;35m[K-Wmissing-field-initializers[m[K]
[4.757s] [01m[K/application/rightbot_ws/src/actuator_interface/motor/src/motor.cpp:[m[K In member function ‘[01m[Kint Motor::motor_Transmit_PDO_n_Parameter(uint16_t, uint8_t, uint32_t)[m[K’:
[4.757s] [01m[K/application/rightbot_ws/src/actuator_interface/motor/src/motor.cpp:20:81:[m[K [01;35m[Kwarning: [m[Kunused parameter ‘[01m[Kcob[m[K’ [[01;35m[K-Wunused-parameter[m[K]
[4.757s]    20 | int Motor::motor_Transmit_PDO_n_Parameter(uint16_t node_id, uint8_t n, [01;35m[Kuint32_t cob[m[K){
[4.757s]       |                                                                        [01;35m[K~~~~~~~~~^~~[m[K
[4.763s] [01m[K/application/rightbot_ws/src/actuator_interface/motor/src/motor.cpp:[m[K In member function ‘[01m[Kint Motor::motor_config_node(int)[m[K’:
[4.763s] [01m[K/application/rightbot_ws/src/actuator_interface/motor/src/motor.cpp:110:1:[m[K [01;35m[Kwarning: [m[Kno return statement in function returning non-void [[01;35m[K-Wreturn-type[m[K]
[4.763s]   110 | [01;35m[K}[m[K
[4.763s]       | [01;35m[K^[m[K
[4.763s] [01m[K/application/rightbot_ws/src/actuator_interface/motor/src/motor.cpp:[m[K In member function ‘[01m[Kint Motor::motor_setmode_sdo(uint16_t, Motor::Motor_mode)[m[K’:
[4.763s] [01m[K/application/rightbot_ws/src/actuator_interface/motor/src/motor.cpp:113:9:[m[K [01;35m[Kwarning: [m[Kunused variable ‘[01m[Kerr[m[K’ [[01;35m[K-Wunused-variable[m[K]
[4.763s]   113 |     int [01;35m[Kerr[m[K = 0;
[4.763s]       |         [01;35m[K^~~[m[K
[4.764s] [01m[K/application/rightbot_ws/src/actuator_interface/motor/src/motor.cpp:[m[K In member function ‘[01m[Kbool Motor::motorCommand(int, std::string, MotorControls::position_cmd_t, MotorControls::velocity_cmd_t)[m[K’:
[4.764s] [01m[K/application/rightbot_ws/src/actuator_interface/motor/src/motor.cpp:209:1:[m[K [01;35m[Kwarning: [m[Kno return statement in function returning non-void [[01;35m[K-Wreturn-type[m[K]
[4.764s]   209 | [01;35m[K}[m[K
[4.764s]       | [01;35m[K^[m[K
[4.764s] [01m[K/application/rightbot_ws/src/actuator_interface/motor/src/motor.cpp:207:30:[m[K [01;35m[Kwarning: [m[Kunused parameter ‘[01m[Kmotor_id[m[K’ [[01;35m[K-Wunused-parameter[m[K]
[4.764s]   207 | bool Motor::motorCommand([01;35m[Kint motor_id[m[K, std::string command_type, MotorControls::position_cmd_t position_cmd_element, MotorControls::velocity_cmd_t velocity_cmd_element){
[4.765s]       |                          [01;35m[K~~~~^~~~~~~~[m[K
[4.765s] [01m[K/application/rightbot_ws/src/actuator_interface/motor/src/motor.cpp:207:52:[m[K [01;35m[Kwarning: [m[Kunused parameter ‘[01m[Kcommand_type[m[K’ [[01;35m[K-Wunused-parameter[m[K]
[4.765s]   207 | bool Motor::motorCommand(int motor_id, [01;35m[Kstd::string command_type[m[K, MotorControls::position_cmd_t position_cmd_element, MotorControls::velocity_cmd_t velocity_cmd_element){
[4.765s]       |                                        [01;35m[K~~~~~~~~~~~~^~~~~~~~~~~~[m[K
[4.765s] [01m[K/application/rightbot_ws/src/actuator_interface/motor/src/motor.cpp:207:96:[m[K [01;35m[Kwarning: [m[Kunused parameter ‘[01m[Kposition_cmd_element[m[K’ [[01;35m[K-Wunused-parameter[m[K]
[4.765s]   207 | bool Motor::motorCommand(int motor_id, std::string command_type, [01;35m[KMotorControls::position_cmd_t position_cmd_element[m[K, MotorControls::velocity_cmd_t velocity_cmd_element){
[4.765s]       |                                                                  [01;35m[K~~~~~~~~~~~~~~~~~~~~~~~~~~~~~~^~~~~~~~~~~~~~~~~~~~[m[K
[4.765s] [01m[K/application/rightbot_ws/src/actuator_interface/motor/src/motor.cpp:207:148:[m[K [01;35m[Kwarning: [m[Kunused parameter ‘[01m[Kvelocity_cmd_element[m[K’ [[01;35m[K-Wunused-parameter[m[K]
[4.766s]   207 | bool Motor::motorCommand(int motor_id, std::string command_type, MotorControls::position_cmd_t position_cmd_element, [01;35m[KMotorControls::velocity_cmd_t velocity_cmd_element[m[K){
[4.766s]       |                                                                                                                      [01;35m[K~~~~~~~~~~~~~~~~~~~~~~~~~~~~~~^~~~~~~~~~~~~~~~~~~~[m[K
[4.766s] [01m[K/application/rightbot_ws/src/actuator_interface/motor/src/motor.cpp:[m[K In member function ‘[01m[Kbool Motor::nmtChangeState(std::string)[m[K’:
[4.766s] [01m[K/application/rightbot_ws/src/actuator_interface/motor/src/motor.cpp:222:1:[m[K [01;35m[Kwarning: [m[Kno return statement in function returning non-void [[01;35m[K-Wreturn-type[m[K]
[4.766s]   222 | [01;35m[K}[m[K
[4.766s]       | [01;35m[K^[m[K
[7.518s] In file included from [01m[K/application/rightbot_ws/src/actuator_interface/motor/include/../../canopen/canopen.h:3[m[K,
[7.518s]                  from [01m[K/application/rightbot_ws/src/actuator_interface/motor/include/sockets.hpp:9[m[K,
[7.518s]                  from [01m[K/application/rightbot_ws/src/actuator_interface/motor/src/sockets.cpp:1[m[K:
[7.518s] [01m[K/application/rightbot_ws/src/actuator_interface/motor/include/../../canopen/NMT.h:[m[K At global scope:
[7.518s] [01m[K/application/rightbot_ws/src/actuator_interface/motor/include/../../canopen/NMT.h:16:3:[m[K [01;35m[Kwarning: [m[K‘[01m[KNMT_transisions_t[m[K’ defined but not used [[01;35m[K-Wunused-variable[m[K]
[7.518s]    16 | } [01;35m[KNMT_transisions_t[m[K;
[7.519s]       |   [01;35m[K^~~~~~~~~~~~~~~~~[m[K
[7.572s] In file included from [01m[K/application/rightbot_ws/src/actuator_interface/motor/include/../../canopen/canopen.h:3[m[K,
[7.572s]                  from [01m[K/application/rightbot_ws/src/actuator_interface/motor/include/sockets.hpp:9[m[K,
[7.572s]                  from [01m[K/application/rightbot_ws/src/actuator_interface/motor/include/motor_feedback.hpp:8[m[K,
[7.572s]                  from [01m[K/application/rightbot_ws/src/actuator_interface/motor/src/motor_feedback.cpp:1[m[K:
[7.572s] [01m[K/application/rightbot_ws/src/actuator_interface/motor/include/../../canopen/NMT.h:[m[K At global scope:
[7.572s] [01m[K/application/rightbot_ws/src/actuator_interface/motor/include/../../canopen/NMT.h:16:3:[m[K [01;35m[Kwarning: [m[K‘[01m[KNMT_transisions_t[m[K’ defined but not used [[01;35m[K-Wunused-variable[m[K]
[7.572s]    16 | } [01;35m[KNMT_transisions_t[m[K;
[7.573s]       |   [01;35m[K^~~~~~~~~~~~~~~~~[m[K
[7.775s] In file included from [01m[K/application/rightbot_ws/src/actuator_interface/motor/include/../../canopen/canopen.h:3[m[K,
[7.776s]                  from [01m[K/application/rightbot_ws/src/actuator_interface/motor/include/sockets.hpp:9[m[K,
[7.776s]                  from [01m[K/application/rightbot_ws/src/actuator_interface/motor/include/motor_controls.hpp:8[m[K,
[7.776s]                  from [01m[K/application/rightbot_ws/src/actuator_interface/motor/src/motor_controls.cpp:1[m[K:
[7.776s] [01m[K/application/rightbot_ws/src/actuator_interface/motor/include/../../canopen/NMT.h:[m[K At global scope:
[7.776s] [01m[K/application/rightbot_ws/src/actuator_interface/motor/include/../../canopen/NMT.h:16:3:[m[K [01;35m[Kwarning: [m[K‘[01m[KNMT_transisions_t[m[K’ defined but not used [[01;35m[K-Wunused-variable[m[K]
[7.776s]    16 | } [01;35m[KNMT_transisions_t[m[K;
[7.776s]       |   [01;35m[K^~~~~~~~~~~~~~~~~[m[K
[8.175s] [01m[K/application/rightbot_ws/src/actuator_interface/motor/src/motor.cpp:[m[K In member function ‘[01m[Kbool Motor::motor_init(int)[m[K’:
[8.176s] [01m[K/application/rightbot_ws/src/actuator_interface/motor/src/motor.cpp:176:1:[m[K [01;35m[Kwarning: [m[Kcontrol reaches end of non-void function [[01;35m[K-Wreturn-type[m[K]
[8.176s]   176 | [01;35m[K}[m[K
[8.176s]       | [01;35m[K^[m[K
[8.187s] In file included from [01m[K/application/rightbot_ws/src/actuator_interface/motor/include/../../canopen/canopen.h:3[m[K,
[8.187s]                  from [01m[K/application/rightbot_ws/src/actuator_interface/motor/include/motor.hpp:9[m[K,
[8.187s]                  from [01m[K/application/rightbot_ws/src/actuator_interface/motor/src/motor.cpp:1[m[K:
[8.187s] [01m[K/application/rightbot_ws/src/actuator_interface/motor/include/../../canopen/NMT.h:[m[K At global scope:
[8.187s] [01m[K/application/rightbot_ws/src/actuator_interface/motor/include/../../canopen/NMT.h:16:3:[m[K [01;35m[Kwarning: [m[K‘[01m[KNMT_transisions_t[m[K’ defined but not used [[01;35m[K-Wunused-variable[m[K]
[8.187s]    16 | } [01;35m[KNMT_transisions_t[m[K;
[8.187s]       |   [01;35m[K^~~~~~~~~~~~~~~~~[m[K
[8.252s] [01m[K/application/rightbot_ws/src/actuator_interface/motor/src/motor.cpp:[m[K In member function ‘[01m[Kint Motor::motor_config_node(int)[m[K’:
[8.253s] [01m[K/application/rightbot_ws/src/actuator_interface/motor/src/motor.cpp:71:9:[m[K [01;35m[Kwarning: [m[K‘[01m[Kerr[m[K’ may be used uninitialized in this function [[01;35m[K-Wmaybe-uninitialized[m[K]
[8.253s]    71 |     [01;35m[Kerr |= motor_Transmit_PDO_n_Parameter(motor_id, 1, PDO_TX1_ID + motor_id)[m[K;
[8.253s]       |     [01;35m[K~~~~^~~~~~~~~~~~~~~~~~~~~~~~~~~~~~~~~~~~~~~~~~~~~~~~~~~~~~~~~~~~~~~~~~~~~[m[K
[11.259s] [ 70%] [32mBuilding CXX object CMakeFiles/motor.dir/src/motor_interface.cpp.o[0m
[11.352s] [ 76%] [32mBuilding CXX object CMakeFiles/motor.dir/test/test_actuator_interface.cpp.o[0m
[12.802s] In file included from [01m[K/application/rightbot_ws/src/actuator_interface/motor/include/motor.hpp:11[m[K,
[12.802s]                  from [01m[K/application/rightbot_ws/src/actuator_interface/motor/include/motor_interface.hpp:5[m[K,
[12.803s]                  from [01m[K/application/rightbot_ws/src/actuator_interface/motor/src/motor_interface.cpp:1[m[K:
[12.803s] [01m[K/application/rightbot_ws/src/actuator_interface/motor/include/motor_controls.hpp:90:53:[m[K [01;35m[Kwarning: [m[Kmissing initializer for member ‘[01m[KMotorControls::md_control_register_s_::control_s_::enable_voltage[m[K’ [[01;35m[K-Wmissing-field-initializers[m[K]
[12.803s]    90 |     md_control_register_u_t md_control_register = {0[01;35m[K}[m[K;
[12.803s]       |                                                     [01;35m[K^[m[K
[12.803s] [01m[K/application/rightbot_ws/src/actuator_interface/motor/include/motor_controls.hpp:90:53:[m[K [01;35m[Kwarning: [m[Kmissing initializer for member ‘[01m[KMotorControls::md_control_register_s_::control_s_::quick_stop[m[K’ [[01;35m[K-Wmissing-field-initializers[m[K]
[12.803s] [01m[K/application/rightbot_ws/src/actuator_interface/motor/include/motor_controls.hpp:90:53:[m[K [01;35m[Kwarning: [m[Kmissing initializer for member ‘[01m[KMotorControls::md_control_register_s_::control_s_::enable_operation[m[K’ [[01;35m[K-Wmissing-field-initializers[m[K]
[12.803s] [01m[K/application/rightbot_ws/src/actuator_interface/motor/include/motor_controls.hpp:90:53:[m[K [01;35m[Kwarning: [m[Kmissing initializer for member ‘[01m[KMotorControls::md_control_register_s_::control_s_::new_setpoint[m[K’ [[01;35m[K-Wmissing-field-initializers[m[K]
[12.803s] [01m[K/application/rightbot_ws/src/actuator_interface/motor/include/motor_controls.hpp:90:53:[m[K [01;35m[Kwarning: [m[Kmissing initializer for member ‘[01m[KMotorControls::md_control_register_s_::control_s_::instantaneous_change_set[m[K’ [[01;35m[K-Wmissing-field-initializers[m[K]
[12.803s] [01m[K/application/rightbot_ws/src/actuator_interface/motor/include/motor_controls.hpp:90:53:[m[K [01;35m[Kwarning: [m[Kmissing initializer for member ‘[01m[KMotorControls::md_control_register_s_::control_s_::absolute_or_relative[m[K’ [[01;35m[K-Wmissing-field-initializers[m[K]
[12.803s] [01m[K/application/rightbot_ws/src/actuator_interface/motor/include/motor_controls.hpp:90:53:[m[K [01;35m[Kwarning: [m[Kmissing initializer for member ‘[01m[KMotorControls::md_control_register_s_::control_s_::reset_fault[m[K’ [[01;35m[K-Wmissing-field-initializers[m[K]
[12.804s] [01m[K/application/rightbot_ws/src/actuator_interface/motor/include/motor_controls.hpp:90:53:[m[K [01;35m[Kwarning: [m[Kmissing initializer for member ‘[01m[KMotorControls::md_control_register_s_::control_s_::halt[m[K’ [[01;35m[K-Wmissing-field-initializers[m[K]
[12.804s] [01m[K/application/rightbot_ws/src/actuator_interface/motor/include/motor_controls.hpp:90:53:[m[K [01;35m[Kwarning: [m[Kmissing initializer for member ‘[01m[KMotorControls::md_control_register_s_::control_s_::reserved[m[K’ [[01;35m[K-Wmissing-field-initializers[m[K]
[13.601s] In file included from [01m[K/application/rightbot_ws/src/actuator_interface/motor/include/motor.hpp:11[m[K,
[13.601s]                  from [01m[K/application/rightbot_ws/src/actuator_interface/motor/test/test_actuator_interface.cpp:19[m[K:
[13.602s] [01m[K/application/rightbot_ws/src/actuator_interface/motor/include/motor_controls.hpp:90:53:[m[K [01;35m[Kwarning: [m[Kmissing initializer for member ‘[01m[KMotorControls::md_control_register_s_::control_s_::enable_voltage[m[K’ [[01;35m[K-Wmissing-field-initializers[m[K]
[13.602s]    90 |     md_control_register_u_t md_control_register = {0[01;35m[K}[m[K;
[13.602s]       |                                                     [01;35m[K^[m[K
[13.602s] [01m[K/application/rightbot_ws/src/actuator_interface/motor/include/motor_controls.hpp:90:53:[m[K [01;35m[Kwarning: [m[Kmissing initializer for member ‘[01m[KMotorControls::md_control_register_s_::control_s_::quick_stop[m[K’ [[01;35m[K-Wmissing-field-initializers[m[K]
[13.602s] [01m[K/application/rightbot_ws/src/actuator_interface/motor/include/motor_controls.hpp:90:53:[m[K [01;35m[Kwarning: [m[Kmissing initializer for member ‘[01m[KMotorControls::md_control_register_s_::control_s_::enable_operation[m[K’ [[01;35m[K-Wmissing-field-initializers[m[K]
[13.602s] [01m[K/application/rightbot_ws/src/actuator_interface/motor/include/motor_controls.hpp:90:53:[m[K [01;35m[Kwarning: [m[Kmissing initializer for member ‘[01m[KMotorControls::md_control_register_s_::control_s_::new_setpoint[m[K’ [[01;35m[K-Wmissing-field-initializers[m[K]
[13.602s] [01m[K/application/rightbot_ws/src/actuator_interface/motor/include/motor_controls.hpp:90:53:[m[K [01;35m[Kwarning: [m[Kmissing initializer for member ‘[01m[KMotorControls::md_control_register_s_::control_s_::instantaneous_change_set[m[K’ [[01;35m[K-Wmissing-field-initializers[m[K]
[13.602s] [01m[K/application/rightbot_ws/src/actuator_interface/motor/include/motor_controls.hpp:90:53:[m[K [01;35m[Kwarning: [m[Kmissing initializer for member ‘[01m[KMotorControls::md_control_register_s_::control_s_::absolute_or_relative[m[K’ [[01;35m[K-Wmissing-field-initializers[m[K]
[13.602s] [01m[K/application/rightbot_ws/src/actuator_interface/motor/include/motor_controls.hpp:90:53:[m[K [01;35m[Kwarning: [m[Kmissing initializer for member ‘[01m[KMotorControls::md_control_register_s_::control_s_::reset_fault[m[K’ [[01;35m[K-Wmissing-field-initializers[m[K]
[13.602s] [01m[K/application/rightbot_ws/src/actuator_interface/motor/include/motor_controls.hpp:90:53:[m[K [01;35m[Kwarning: [m[Kmissing initializer for member ‘[01m[KMotorControls::md_control_register_s_::control_s_::halt[m[K’ [[01;35m[K-Wmissing-field-initializers[m[K]
[13.603s] [01m[K/application/rightbot_ws/src/actuator_interface/motor/include/motor_controls.hpp:90:53:[m[K [01;35m[Kwarning: [m[Kmissing initializer for member ‘[01m[KMotorControls::md_control_register_s_::control_s_::reserved[m[K’ [[01;35m[K-Wmissing-field-initializers[m[K]
[14.725s] [01m[K/application/rightbot_ws/src/actuator_interface/motor/src/motor_interface.cpp:[m[K In constructor ‘[01m[KMotorInterface::MotorInterface()[m[K’:
[14.725s] [01m[K/application/rightbot_ws/src/actuator_interface/motor/src/motor_interface.cpp:43:30:[m[K [01;35m[Kwarning: [m[KC++ designated initializers only available with ‘[01m[K-std=c++2a[m[K’ or ‘[01m[K-std=gnu++2a[m[K’ [[01;35m[K-Wpedantic[m[K]
[14.725s]    43 |     position_cmd_element_ = {[01;35m[K.[m[Ktimeout =10,
[14.725s]       |                              [01;35m[K^[m[K
[14.725s] [01m[K/application/rightbot_ws/src/actuator_interface/motor/src/motor_interface.cpp:44:5:[m[K [01;35m[Kwarning: [m[KC++ designated initializers only available with ‘[01m[K-std=c++2a[m[K’ or ‘[01m[K-std=gnu++2a[m[K’ [[01;35m[K-Wpedantic[m[K]
[14.725s]    44 |     [01;35m[K.[m[Krelative_pos=0,
[14.726s]       |     [01;35m[K^[m[K
[14.726s] [01m[K/application/rightbot_ws/src/actuator_interface/motor/src/motor_interface.cpp:45:5:[m[K [01;35m[Kwarning: [m[KC++ designated initializers only available with ‘[01m[K-std=c++2a[m[K’ or ‘[01m[K-std=gnu++2a[m[K’ [[01;35m[K-Wpedantic[m[K]
[14.726s]    45 |     [01;35m[K.[m[Kmax_vel=0,
[14.726s]       |     [01;35m[K^[m[K
[14.726s] [01m[K/application/rightbot_ws/src/actuator_interface/motor/src/motor_interface.cpp:46:5:[m[K [01;35m[Kwarning: [m[KC++ designated initializers only available with ‘[01m[K-std=c++2a[m[K’ or ‘[01m[K-std=gnu++2a[m[K’ [[01;35m[K-Wpedantic[m[K]
[14.726s]    46 |     [01;35m[K.[m[Kaccel=0,
[14.726s]       |     [01;35m[K^[m[K
[14.726s] [01m[K/application/rightbot_ws/src/actuator_interface/motor/src/motor_interface.cpp:47:5:[m[K [01;35m[Kwarning: [m[KC++ designated initializers only available with ‘[01m[K-std=c++2a[m[K’ or ‘[01m[K-std=gnu++2a[m[K’ [[01;35m[K-Wpedantic[m[K]
[14.726s]    47 |     [01;35m[K.[m[Kdecel=0
[14.726s]       |     [01;35m[K^[m[K
[14.726s] [01m[K/application/rightbot_ws/src/actuator_interface/motor/src/motor_interface.cpp:50:30:[m[K [01;35m[Kwarning: [m[KC++ designated initializers only available with ‘[01m[K-std=c++2a[m[K’ or ‘[01m[K-std=gnu++2a[m[K’ [[01;35m[K-Wpedantic[m[K]
[14.727s]    50 |     velocity_cmd_element_ = {[01;35m[K.[m[Ktimeout =10,
[14.727s]       |                              [01;35m[K^[m[K
[14.727s] [01m[K/application/rightbot_ws/src/actuator_interface/motor/src/motor_interface.cpp:51:5:[m[K [01;35m[Kwarning: [m[KC++ designated initializers only available with ‘[01m[K-std=c++2a[m[K’ or ‘[01m[K-std=gnu++2a[m[K’ [[01;35m[K-Wpedantic[m[K]
[14.727s]    51 |     [01;35m[K.[m[Kvelocity=15,
[14.727s]       |     [01;35m[K^[m[K
[14.727s] [01m[K/application/rightbot_ws/src/actuator_interface/motor/src/motor_interface.cpp:52:5:[m[K [01;35m[Kwarning: [m[KC++ designated initializers only available with ‘[01m[K-std=c++2a[m[K’ or ‘[01m[K-std=gnu++2a[m[K’ [[01;35m[K-Wpedantic[m[K]
[14.727s]    52 |     [01;35m[K.[m[Kmax_vel=10,
[14.727s]       |     [01;35m[K^[m[K
[14.727s] [01m[K/application/rightbot_ws/src/actuator_interface/motor/src/motor_interface.cpp:53:5:[m[K [01;35m[Kwarning: [m[KC++ designated initializers only available with ‘[01m[K-std=c++2a[m[K’ or ‘[01m[K-std=gnu++2a[m[K’ [[01;35m[K-Wpedantic[m[K]
[14.727s]    53 |     [01;35m[K.[m[Kaccel=1,
[14.727s]       |     [01;35m[K^[m[K
[14.728s] [01m[K/application/rightbot_ws/src/actuator_interface/motor/src/motor_interface.cpp:54:5:[m[K [01;35m[Kwarning: [m[KC++ designated initializers only available with ‘[01m[K-std=c++2a[m[K’ or ‘[01m[K-std=gnu++2a[m[K’ [[01;35m[K-Wpedantic[m[K]
[14.728s]    54 |     [01;35m[K.[m[Kdecel=1
[14.728s]       |     [01;35m[K^[m[K
[15.082s] In file included from [01m[K/application/rightbot_ws/src/actuator_interface/motor/test/test_actuator_interface.cpp:24[m[K:
[15.082s] [01m[K/application/rightbot_ws/src/actuator_interface/motor/../socketcan/printd.c:[m[K In function ‘[01m[Kvoid printd(PRINTD_LOGLEVEL, const char*, ...)[m[K’:
[15.082s] [01m[K/application/rightbot_ws/src/actuator_interface/motor/../socketcan/printd.c:22:22:[m[K [01;35m[Kwarning: [m[Knon-ISO-standard escape sequence, '\e'
[15.082s]    22 |  const char* color = [01;35m[K"\e[%d;%dm"[m[K;
[15.082s]       |                      [01;35m[K^~~~~~~~~~~[m[K
[15.083s] [01m[K/application/rightbot_ws/src/actuator_interface/motor/../socketcan/printd.c:43:9:[m[K [01;35m[Kwarning: [m[Knon-ISO-standard escape sequence, '\e'
[15.083s]    43 |  printf([01;35m[K"\e[%d;%dm"[m[K, 0, 0);
[15.083s]       |         [01;35m[K^~~~~~~~~~~[m[K
[15.084s] In file included from [01m[K/application/rightbot_ws/src/actuator_interface/motor/test/test_actuator_interface.cpp:25[m[K:
[15.084s] [01m[K/application/rightbot_ws/src/actuator_interface/motor/../socketcan/socketcan.c:[m[K In function ‘[01m[Kint socketcan_open(uint32_t*, uint32_t*, uint32_t)[m[K’:
[15.084s] [01m[K/application/rightbot_ws/src/actuator_interface/motor/../socketcan/socketcan.c:40:20:[m[K [01;35m[Kwarning: [m[KISO C++ forbids variable length array ‘[01m[Krfilter[m[K’ [[01;35m[K-Wvla[m[K]
[15.084s]    40 |  struct can_filter [01;35m[Krfilter[m[K[num_filters];
[15.084s]       |                    [01;35m[K^~~~~~~[m[K
[15.085s] [01m[K/application/rightbot_ws/src/actuator_interface/motor/../socketcan/socketcan.c:41:16:[m[K [01;35m[Kwarning: [m[Kcomparison of integer expressions of different signedness: ‘[01m[Kint[m[K’ and ‘[01m[Kuint32_t[m[K’ {aka ‘[01m[Kunsigned int[m[K’} [[01;35m[K-Wsign-compare[m[K]
[15.085s]    41 |  for(int i=0; [01;35m[Ki<num_filters[m[K; i++) {
[15.085s]       |               [01;35m[K~^~~~~~~~~~~~[m[K
[15.085s] [01m[K/application/rightbot_ws/src/actuator_interface/motor/../socketcan/socketcan.c:[m[K In function ‘[01m[Kint socketcan_read(int, my_can_frame*, int)[m[K’:
[15.085s] [01m[K/application/rightbot_ws/src/actuator_interface/motor/../socketcan/socketcan.c:70:13:[m[K [01;35m[Kwarning: [m[Kvariable ‘[01m[Kt[m[K’ set but not used [[01;35m[K-Wunused-but-set-variable[m[K]
[15.085s]    70 |  int bytes, [01;35m[Kt[m[K;
[15.085s]       |             [01;35m[K^[m[K
[15.086s] In file included from [01m[K/application/rightbot_ws/src/actuator_interface/motor/test/test_actuator_interface.cpp:29[m[K:
[15.086s] [01m[K/application/rightbot_ws/src/actuator_interface/motor/../canopen/SDO.c:[m[K In function ‘[01m[Kint SDO_write(int, const SDO_data*)[m[K’:
[15.086s] [01m[K/application/rightbot_ws/src/actuator_interface/motor/../canopen/SDO.c:46:4:[m[K [01;35m[Kwarning: [m[Knarrowing conversion of ‘[01m[Kfillerbytes[m[K’ from ‘[01m[Kint[m[K’ to ‘[01m[Kuint32_t[m[K’ {aka ‘[01m[Kunsigned int[m[K’} [[01;35m[K-Wnarrowing[m[K]
[15.086s]    46 |   {[01;35m[Kfillerbytes[m[K, 0x00}
[15.086s]       |    [01;35m[K^~~~~~~~~~~[m[K
[15.124s] [01m[K/application/rightbot_ws/src/actuator_interface/motor/test/test_actuator_interface.cpp:[m[K In function ‘[01m[Kint main(int, char**)[m[K’:
[15.124s] [01m[K/application/rightbot_ws/src/actuator_interface/motor/test/test_actuator_interface.cpp:72:30:[m[K [01;35m[Kwarning: [m[KC++ designated initializers only available with ‘[01m[K-std=c++2a[m[K’ or ‘[01m[K-std=gnu++2a[m[K’ [[01;35m[K-Wpedantic[m[K]
[15.124s]    72 |     position_cmd_element_ = {[01;35m[K.[m[Ktimeout =10,
[15.124s]       |                              [01;35m[K^[m[K
[15.124s] [01m[K/application/rightbot_ws/src/actuator_interface/motor/test/test_actuator_interface.cpp:73:5:[m[K [01;35m[Kwarning: [m[KC++ designated initializers only available with ‘[01m[K-std=c++2a[m[K’ or ‘[01m[K-std=gnu++2a[m[K’ [[01;35m[K-Wpedantic[m[K]
[15.124s]    73 |     [01;35m[K.[m[Krelative_pos=0,
[15.124s]       |     [01;35m[K^[m[K
[15.124s] [01m[K/application/rightbot_ws/src/actuator_interface/motor/test/test_actuator_interface.cpp:74:5:[m[K [01;35m[Kwarning: [m[KC++ designated initializers only available with ‘[01m[K-std=c++2a[m[K’ or ‘[01m[K-std=gnu++2a[m[K’ [[01;35m[K-Wpedantic[m[K]
[15.125s]    74 |     [01;35m[K.[m[Kmax_vel=0,
[15.125s]       |     [01;35m[K^[m[K
[15.125s] [01m[K/application/rightbot_ws/src/actuator_interface/motor/test/test_actuator_interface.cpp:75:5:[m[K [01;35m[Kwarning: [m[KC++ designated initializers only available with ‘[01m[K-std=c++2a[m[K’ or ‘[01m[K-std=gnu++2a[m[K’ [[01;35m[K-Wpedantic[m[K]
[15.125s]    75 |     [01;35m[K.[m[Kaccel=0,
[15.125s]       |     [01;35m[K^[m[K
[15.125s] [01m[K/application/rightbot_ws/src/actuator_interface/motor/test/test_actuator_interface.cpp:76:5:[m[K [01;35m[Kwarning: [m[KC++ designated initializers only available with ‘[01m[K-std=c++2a[m[K’ or ‘[01m[K-std=gnu++2a[m[K’ [[01;35m[K-Wpedantic[m[K]
[15.125s]    76 |     [01;35m[K.[m[Kdecel=0
[15.125s]       |     [01;35m[K^[m[K
[15.125s] [01m[K/application/rightbot_ws/src/actuator_interface/motor/test/test_actuator_interface.cpp:79:30:[m[K [01;35m[Kwarning: [m[KC++ designated initializers only available with ‘[01m[K-std=c++2a[m[K’ or ‘[01m[K-std=gnu++2a[m[K’ [[01;35m[K-Wpedantic[m[K]
[15.125s]    79 |     velocity_cmd_element_ = {[01;35m[K.[m[Ktimeout =10,
[15.125s]       |                              [01;35m[K^[m[K
[15.126s] [01m[K/application/rightbot_ws/src/actuator_interface/motor/test/test_actuator_interface.cpp:80:5:[m[K [01;35m[Kwarning: [m[KC++ designated initializers only available with ‘[01m[K-std=c++2a[m[K’ or ‘[01m[K-std=gnu++2a[m[K’ [[01;35m[K-Wpedantic[m[K]
[15.126s]    80 |     [01;35m[K.[m[Kvelocity=1,
[15.126s]       |     [01;35m[K^[m[K
[15.126s] [01m[K/application/rightbot_ws/src/actuator_interface/motor/test/test_actuator_interface.cpp:81:5:[m[K [01;35m[Kwarning: [m[KC++ designated initializers only available with ‘[01m[K-std=c++2a[m[K’ or ‘[01m[K-std=gnu++2a[m[K’ [[01;35m[K-Wpedantic[m[K]
[15.126s]    81 |     [01;35m[K.[m[Kmax_vel=20,
[15.126s]       |     [01;35m[K^[m[K
[15.126s] [01m[K/application/rightbot_ws/src/actuator_interface/motor/test/test_actuator_interface.cpp:82:5:[m[K [01;35m[Kwarning: [m[KC++ designated initializers only available with ‘[01m[K-std=c++2a[m[K’ or ‘[01m[K-std=gnu++2a[m[K’ [[01;35m[K-Wpedantic[m[K]
[15.126s]    82 |     [01;35m[K.[m[Kaccel=1,
[15.126s]       |     [01;35m[K^[m[K
[15.126s] [01m[K/application/rightbot_ws/src/actuator_interface/motor/test/test_actuator_interface.cpp:83:5:[m[K [01;35m[Kwarning: [m[KC++ designated initializers only available with ‘[01m[K-std=c++2a[m[K’ or ‘[01m[K-std=gnu++2a[m[K’ [[01;35m[K-Wpedantic[m[K]
[15.127s]    83 |     [01;35m[K.[m[Kdecel=1
[15.127s]       |     [01;35m[K^[m[K
[17.674s] In file included from [01m[K/application/rightbot_ws/src/actuator_interface/motor/include/../../canopen/canopen.h:3[m[K,
[17.674s]                  from [01m[K/application/rightbot_ws/src/actuator_interface/motor/include/motor.hpp:9[m[K,
[17.674s]                  from [01m[K/application/rightbot_ws/src/actuator_interface/motor/include/motor_interface.hpp:5[m[K,
[17.674s]                  from [01m[K/application/rightbot_ws/src/actuator_interface/motor/src/motor_interface.cpp:1[m[K:
[17.675s] [01m[K/application/rightbot_ws/src/actuator_interface/motor/include/../../canopen/NMT.h:[m[K At global scope:
[17.675s] [01m[K/application/rightbot_ws/src/actuator_interface/motor/include/../../canopen/NMT.h:16:3:[m[K [01;35m[Kwarning: [m[K‘[01m[KNMT_transisions_t[m[K’ defined but not used [[01;35m[K-Wunused-variable[m[K]
[17.675s]    16 | } [01;35m[KNMT_transisions_t[m[K;
[17.675s]       |   [01;35m[K^~~~~~~~~~~~~~~~~[m[K
[17.938s] In file included from [01m[K/application/rightbot_ws/src/actuator_interface/motor/include/../../canopen/canopen.h:3[m[K,
[17.938s]                  from [01m[K/application/rightbot_ws/src/actuator_interface/motor/../config_parser/include/config_parser/config_parser.h:8[m[K,
[17.938s]                  from [01m[K/application/rightbot_ws/src/actuator_interface/motor/test/test_actuator_interface.cpp:17[m[K:
[17.938s] [01m[K/application/rightbot_ws/src/actuator_interface/motor/include/../../canopen/NMT.h:[m[K At global scope:
[17.938s] [01m[K/application/rightbot_ws/src/actuator_interface/motor/include/../../canopen/NMT.h:16:3:[m[K [01;35m[Kwarning: [m[K‘[01m[KNMT_transisions_t[m[K’ defined but not used [[01;35m[K-Wunused-variable[m[K]
[17.938s]    16 | } [01;35m[KNMT_transisions_t[m[K;
[17.939s]       |   [01;35m[K^~~~~~~~~~~~~~~~~[m[K
[20.281s] [ 82%] [32m[1mLinking CXX shared library libmotor.so[0m
[21.049s] [ 82%] Built target motor
[21.066s] [35m[1mScanning dependencies of target test_actuator_interface[0m
[21.093s] [ 88%] [32mBuilding CXX object CMakeFiles/test_actuator_interface.dir/application/rightbot_ws/src/actuator_interface/config_parser/src/config_parser.cpp.o[0m
[21.095s] [ 94%] [32mBuilding CXX object CMakeFiles/test_actuator_interface.dir/test/test_actuator_interface.cpp.o[0m
[21.361s] [01m[K/application/rightbot_ws/src/actuator_interface/config_parser/src/config_parser.cpp:[m[K In member function ‘[01m[Kbool ConfigParser::parseConfig()[m[K’:
[21.361s] [01m[K/application/rightbot_ws/src/actuator_interface/config_parser/src/config_parser.cpp:18:1:[m[K [01;35m[Kwarning: [m[Kno return statement in function returning non-void [[01;35m[K-Wreturn-type[m[K]
[21.361s]    18 | [01;35m[K}[m[K
[21.361s]       | [01;35m[K^[m[K
[21.382s] In file included from [01m[K/application/rightbot_ws/src/actuator_interface/motor/include/../../canopen/canopen.h:3[m[K,
[21.382s]                  from [01m[K/application/rightbot_ws/src/actuator_interface/motor/../config_parser/include/config_parser/config_parser.h:8[m[K,
[21.383s]                  from [01m[K/application/rightbot_ws/src/actuator_interface/config_parser/src/config_parser.cpp:2[m[K:
[21.383s] [01m[K/application/rightbot_ws/src/actuator_interface/motor/include/../../canopen/NMT.h:[m[K At global scope:
[21.383s] [01m[K/application/rightbot_ws/src/actuator_interface/motor/include/../../canopen/NMT.h:16:3:[m[K [01;35m[Kwarning: [m[K‘[01m[KNMT_transisions_t[m[K’ defined but not used [[01;35m[K-Wunused-variable[m[K]
[21.383s]    16 | } [01;35m[KNMT_transisions_t[m[K;
[21.383s]       |   [01;35m[K^~~~~~~~~~~~~~~~~[m[K
[21.934s] In file included from [01m[K/application/rightbot_ws/src/actuator_interface/motor/include/motor.hpp:11[m[K,
[21.934s]                  from [01m[K/application/rightbot_ws/src/actuator_interface/motor/test/test_actuator_interface.cpp:19[m[K:
[21.934s] [01m[K/application/rightbot_ws/src/actuator_interface/motor/include/motor_controls.hpp:90:53:[m[K [01;35m[Kwarning: [m[Kmissing initializer for member ‘[01m[KMotorControls::md_control_register_s_::control_s_::enable_voltage[m[K’ [[01;35m[K-Wmissing-field-initializers[m[K]
[21.934s]    90 |     md_control_register_u_t md_control_register = {0[01;35m[K}[m[K;
[21.934s]       |                                                     [01;35m[K^[m[K
[21.934s] [01m[K/application/rightbot_ws/src/actuator_interface/motor/include/motor_controls.hpp:90:53:[m[K [01;35m[Kwarning: [m[Kmissing initializer for member ‘[01m[KMotorControls::md_control_register_s_::control_s_::quick_stop[m[K’ [[01;35m[K-Wmissing-field-initializers[m[K]
[21.935s] [01m[K/application/rightbot_ws/src/actuator_interface/motor/include/motor_controls.hpp:90:53:[m[K [01;35m[Kwarning: [m[Kmissing initializer for member ‘[01m[KMotorControls::md_control_register_s_::control_s_::enable_operation[m[K’ [[01;35m[K-Wmissing-field-initializers[m[K]
[21.935s] [01m[K/application/rightbot_ws/src/actuator_interface/motor/include/motor_controls.hpp:90:53:[m[K [01;35m[Kwarning: [m[Kmissing initializer for member ‘[01m[KMotorControls::md_control_register_s_::control_s_::new_setpoint[m[K’ [[01;35m[K-Wmissing-field-initializers[m[K]
[21.935s] [01m[K/application/rightbot_ws/src/actuator_interface/motor/include/motor_controls.hpp:90:53:[m[K [01;35m[Kwarning: [m[Kmissing initializer for member ‘[01m[KMotorControls::md_control_register_s_::control_s_::instantaneous_change_set[m[K’ [[01;35m[K-Wmissing-field-initializers[m[K]
[21.935s] [01m[K/application/rightbot_ws/src/actuator_interface/motor/include/motor_controls.hpp:90:53:[m[K [01;35m[Kwarning: [m[Kmissing initializer for member ‘[01m[KMotorControls::md_control_register_s_::control_s_::absolute_or_relative[m[K’ [[01;35m[K-Wmissing-field-initializers[m[K]
[21.935s] [01m[K/application/rightbot_ws/src/actuator_interface/motor/include/motor_controls.hpp:90:53:[m[K [01;35m[Kwarning: [m[Kmissing initializer for member ‘[01m[KMotorControls::md_control_register_s_::control_s_::reset_fault[m[K’ [[01;35m[K-Wmissing-field-initializers[m[K]
[21.935s] [01m[K/application/rightbot_ws/src/actuator_interface/motor/include/motor_controls.hpp:90:53:[m[K [01;35m[Kwarning: [m[Kmissing initializer for member ‘[01m[KMotorControls::md_control_register_s_::control_s_::halt[m[K’ [[01;35m[K-Wmissing-field-initializers[m[K]
[21.935s] [01m[K/application/rightbot_ws/src/actuator_interface/motor/include/motor_controls.hpp:90:53:[m[K [01;35m[Kwarning: [m[Kmissing initializer for member ‘[01m[KMotorControls::md_control_register_s_::control_s_::reserved[m[K’ [[01;35m[K-Wmissing-field-initializers[m[K]
[22.990s] In file included from [01m[K/application/rightbot_ws/src/actuator_interface/motor/test/test_actuator_interface.cpp:24[m[K:
[22.990s] [01m[K/application/rightbot_ws/src/actuator_interface/motor/../socketcan/printd.c:[m[K In function ‘[01m[Kvoid printd(PRINTD_LOGLEVEL, const char*, ...)[m[K’:
[22.990s] [01m[K/application/rightbot_ws/src/actuator_interface/motor/../socketcan/printd.c:22:22:[m[K [01;35m[Kwarning: [m[Knon-ISO-standard escape sequence, '\e'
[22.990s]    22 |  const char* color = [01;35m[K"\e[%d;%dm"[m[K;
[22.990s]       |                      [01;35m[K^~~~~~~~~~~[m[K
[22.990s] [01m[K/application/rightbot_ws/src/actuator_interface/motor/../socketcan/printd.c:43:9:[m[K [01;35m[Kwarning: [m[Knon-ISO-standard escape sequence, '\e'
[22.990s]    43 |  printf([01;35m[K"\e[%d;%dm"[m[K, 0, 0);
[22.990s]       |         [01;35m[K^~~~~~~~~~~[m[K
[22.992s] In file included from [01m[K/application/rightbot_ws/src/actuator_interface/motor/test/test_actuator_interface.cpp:25[m[K:
[22.992s] [01m[K/application/rightbot_ws/src/actuator_interface/motor/../socketcan/socketcan.c:[m[K In function ‘[01m[Kint socketcan_open(uint32_t*, uint32_t*, uint32_t)[m[K’:
[22.992s] [01m[K/application/rightbot_ws/src/actuator_interface/motor/../socketcan/socketcan.c:40:20:[m[K [01;35m[Kwarning: [m[KISO C++ forbids variable length array ‘[01m[Krfilter[m[K’ [[01;35m[K-Wvla[m[K]
[22.992s]    40 |  struct can_filter [01;35m[Krfilter[m[K[num_filters];
[22.992s]       |                    [01;35m[K^~~~~~~[m[K
[22.992s] [01m[K/application/rightbot_ws/src/actuator_interface/motor/../socketcan/socketcan.c:41:16:[m[K [01;35m[Kwarning: [m[Kcomparison of integer expressions of different signedness: ‘[01m[Kint[m[K’ and ‘[01m[Kuint32_t[m[K’ {aka ‘[01m[Kunsigned int[m[K’} [[01;35m[K-Wsign-compare[m[K]
[22.992s]    41 |  for(int i=0; [01;35m[Ki<num_filters[m[K; i++) {
[22.992s]       |               [01;35m[K~^~~~~~~~~~~~[m[K
[22.992s] [01m[K/application/rightbot_ws/src/actuator_interface/motor/../socketcan/socketcan.c:[m[K In function ‘[01m[Kint socketcan_read(int, my_can_frame*, int)[m[K’:
[22.992s] [01m[K/application/rightbot_ws/src/actuator_interface/motor/../socketcan/socketcan.c:70:13:[m[K [01;35m[Kwarning: [m[Kvariable ‘[01m[Kt[m[K’ set but not used [[01;35m[K-Wunused-but-set-variable[m[K]
[22.992s]    70 |  int bytes, [01;35m[Kt[m[K;
[22.992s]       |             [01;35m[K^[m[K
[22.993s] In file included from [01m[K/application/rightbot_ws/src/actuator_interface/motor/test/test_actuator_interface.cpp:29[m[K:
[22.993s] [01m[K/application/rightbot_ws/src/actuator_interface/motor/../canopen/SDO.c:[m[K In function ‘[01m[Kint SDO_write(int, const SDO_data*)[m[K’:
[22.993s] [01m[K/application/rightbot_ws/src/actuator_interface/motor/../canopen/SDO.c:46:4:[m[K [01;35m[Kwarning: [m[Knarrowing conversion of ‘[01m[Kfillerbytes[m[K’ from ‘[01m[Kint[m[K’ to ‘[01m[Kuint32_t[m[K’ {aka ‘[01m[Kunsigned int[m[K’} [[01;35m[K-Wnarrowing[m[K]
[22.993s]    46 |   {[01;35m[Kfillerbytes[m[K, 0x00}
[22.993s]       |    [01;35m[K^~~~~~~~~~~[m[K
[23.024s] [01m[K/application/rightbot_ws/src/actuator_interface/motor/test/test_actuator_interface.cpp:[m[K In function ‘[01m[Kint main(int, char**)[m[K’:
[23.024s] [01m[K/application/rightbot_ws/src/actuator_interface/motor/test/test_actuator_interface.cpp:72:30:[m[K [01;35m[Kwarning: [m[KC++ designated initializers only available with ‘[01m[K-std=c++2a[m[K’ or ‘[01m[K-std=gnu++2a[m[K’ [[01;35m[K-Wpedantic[m[K]
[23.024s]    72 |     position_cmd_element_ = {[01;35m[K.[m[Ktimeout =10,
[23.024s]       |                              [01;35m[K^[m[K
[23.024s] [01m[K/application/rightbot_ws/src/actuator_interface/motor/test/test_actuator_interface.cpp:73:5:[m[K [01;35m[Kwarning: [m[KC++ designated initializers only available with ‘[01m[K-std=c++2a[m[K’ or ‘[01m[K-std=gnu++2a[m[K’ [[01;35m[K-Wpedantic[m[K]
[23.024s]    73 |     [01;35m[K.[m[Krelative_pos=0,
[23.024s]       |     [01;35m[K^[m[K
[23.024s] [01m[K/application/rightbot_ws/src/actuator_interface/motor/test/test_actuator_interface.cpp:74:5:[m[K [01;35m[Kwarning: [m[KC++ designated initializers only available with ‘[01m[K-std=c++2a[m[K’ or ‘[01m[K-std=gnu++2a[m[K’ [[01;35m[K-Wpedantic[m[K]
[23.024s]    74 |     [01;35m[K.[m[Kmax_vel=0,
[23.024s]       |     [01;35m[K^[m[K
[23.024s] [01m[K/application/rightbot_ws/src/actuator_interface/motor/test/test_actuator_interface.cpp:75:5:[m[K [01;35m[Kwarning: [m[KC++ designated initializers only available with ‘[01m[K-std=c++2a[m[K’ or ‘[01m[K-std=gnu++2a[m[K’ [[01;35m[K-Wpedantic[m[K]
[23.024s]    75 |     [01;35m[K.[m[Kaccel=0,
[23.024s]       |     [01;35m[K^[m[K
[23.024s] [01m[K/application/rightbot_ws/src/actuator_interface/motor/test/test_actuator_interface.cpp:76:5:[m[K [01;35m[Kwarning: [m[KC++ designated initializers only available with ‘[01m[K-std=c++2a[m[K’ or ‘[01m[K-std=gnu++2a[m[K’ [[01;35m[K-Wpedantic[m[K]
[23.024s]    76 |     [01;35m[K.[m[Kdecel=0
[23.024s]       |     [01;35m[K^[m[K
[23.024s] [01m[K/application/rightbot_ws/src/actuator_interface/motor/test/test_actuator_interface.cpp:79:30:[m[K [01;35m[Kwarning: [m[KC++ designated initializers only available with ‘[01m[K-std=c++2a[m[K’ or ‘[01m[K-std=gnu++2a[m[K’ [[01;35m[K-Wpedantic[m[K]
[23.024s]    79 |     velocity_cmd_element_ = {[01;35m[K.[m[Ktimeout =10,
[23.024s]       |                              [01;35m[K^[m[K
[23.024s] [01m[K/application/rightbot_ws/src/actuator_interface/motor/test/test_actuator_interface.cpp:80:5:[m[K [01;35m[Kwarning: [m[KC++ designated initializers only available with ‘[01m[K-std=c++2a[m[K’ or ‘[01m[K-std=gnu++2a[m[K’ [[01;35m[K-Wpedantic[m[K]
[23.024s]    80 |     [01;35m[K.[m[Kvelocity=1,
[23.024s]       |     [01;35m[K^[m[K
[23.025s] [01m[K/application/rightbot_ws/src/actuator_interface/motor/test/test_actuator_interface.cpp:81:5:[m[K [01;35m[Kwarning: [m[KC++ designated initializers only available with ‘[01m[K-std=c++2a[m[K’ or ‘[01m[K-std=gnu++2a[m[K’ [[01;35m[K-Wpedantic[m[K]
[23.025s]    81 |     [01;35m[K.[m[Kmax_vel=20,
[23.025s]       |     [01;35m[K^[m[K
[23.025s] [01m[K/application/rightbot_ws/src/actuator_interface/motor/test/test_actuator_interface.cpp:82:5:[m[K [01;35m[Kwarning: [m[KC++ designated initializers only available with ‘[01m[K-std=c++2a[m[K’ or ‘[01m[K-std=gnu++2a[m[K’ [[01;35m[K-Wpedantic[m[K]
[23.025s]    82 |     [01;35m[K.[m[Kaccel=1,
[23.025s]       |     [01;35m[K^[m[K
[23.025s] [01m[K/application/rightbot_ws/src/actuator_interface/motor/test/test_actuator_interface.cpp:83:5:[m[K [01;35m[Kwarning: [m[KC++ designated initializers only available with ‘[01m[K-std=c++2a[m[K’ or ‘[01m[K-std=gnu++2a[m[K’ [[01;35m[K-Wpedantic[m[K]
[23.025s]    83 |     [01;35m[K.[m[Kdecel=1
[23.025s]       |     [01;35m[K^[m[K
[23.688s] In file included from [01m[K/application/rightbot_ws/src/actuator_interface/motor/include/../../canopen/canopen.h:3[m[K,
[23.688s]                  from [01m[K/application/rightbot_ws/src/actuator_interface/motor/../config_parser/include/config_parser/config_parser.h:8[m[K,
[23.689s]                  from [01m[K/application/rightbot_ws/src/actuator_interface/motor/test/test_actuator_interface.cpp:17[m[K:
[23.689s] [01m[K/application/rightbot_ws/src/actuator_interface/motor/include/../../canopen/NMT.h:[m[K At global scope:
[23.689s] [01m[K/application/rightbot_ws/src/actuator_interface/motor/include/../../canopen/NMT.h:16:3:[m[K [01;35m[Kwarning: [m[K‘[01m[KNMT_transisions_t[m[K’ defined but not used [[01;35m[K-Wunused-variable[m[K]
[23.689s]    16 | } [01;35m[KNMT_transisions_t[m[K;
[23.689s]       |   [01;35m[K^~~~~~~~~~~~~~~~~[m[K
[23.911s] [100%] [32m[1mLinking CXX executable test_actuator_interface[0m
[24.063s] [100%] Built target test_actuator_interface
[24.071s] Invoked command in '/application/rightbot_ws/src/actuator_interface/build/motor' returned '0': CMAKE_PREFIX_PATH=${CMAKE_PREFIX_PATH}:/opt/ros/rolling /usr/bin/cmake --build /application/rightbot_ws/src/actuator_interface/build/motor -- -j4 -l4
[24.103s] Invoking command in '/application/rightbot_ws/src/actuator_interface/build/motor': CMAKE_PREFIX_PATH=${CMAKE_PREFIX_PATH}:/opt/ros/rolling /usr/bin/cmake --install /application/rightbot_ws/src/actuator_interface/build/motor
[24.109s] -- Install configuration: ""
[24.109s] -- Execute custom install script
[24.110s] -- Symlinking: /application/rightbot_ws/src/actuator_interface/install/motor/lib/motor/test_actuator_interface
[24.116s] -- Symlinking: /application/rightbot_ws/src/actuator_interface/install/motor/lib/motor/libmotor.so
[24.123s] -- Symlinking: /application/rightbot_ws/src/actuator_interface/install/motor/lib/test_actuator_interface
[24.130s] -- Symlinking: /application/rightbot_ws/src/actuator_interface/install/motor/lib/libmotor.so
[24.136s] -- Symlinking: /application/rightbot_ws/src/actuator_interface/install/motor/share/ament_index/resource_index/package_run_dependencies/motor
[24.143s] -- Symlinking: /application/rightbot_ws/src/actuator_interface/install/motor/share/ament_index/resource_index/parent_prefix_path/motor
[24.149s] -- Symlinking: /application/rightbot_ws/src/actuator_interface/install/motor/share/motor/environment/ament_prefix_path.sh
[24.155s] -- Symlinking: /application/rightbot_ws/src/actuator_interface/install/motor/share/motor/environment/ament_prefix_path.dsv
[24.162s] -- Symlinking: /application/rightbot_ws/src/actuator_interface/install/motor/share/motor/environment/path.sh
[24.168s] -- Symlinking: /application/rightbot_ws/src/actuator_interface/install/motor/share/motor/environment/path.dsv
[24.174s] -- Symlinking: /application/rightbot_ws/src/actuator_interface/install/motor/share/motor/local_setup.bash
[24.180s] -- Symlinking: /application/rightbot_ws/src/actuator_interface/install/motor/share/motor/local_setup.sh
[24.187s] -- Symlinking: /application/rightbot_ws/src/actuator_interface/install/motor/share/motor/local_setup.zsh
[24.193s] -- Symlinking: /application/rightbot_ws/src/actuator_interface/install/motor/share/motor/local_setup.dsv
[24.199s] -- Symlinking: /application/rightbot_ws/src/actuator_interface/install/motor/share/motor/package.dsv
[24.206s] -- Symlinking: /application/rightbot_ws/src/actuator_interface/install/motor/share/ament_index/resource_index/packages/motor
[24.212s] -- Symlinking: /application/rightbot_ws/src/actuator_interface/install/motor/share/motor/cmake/motorConfig.cmake
[24.218s] -- Symlinking: /application/rightbot_ws/src/actuator_interface/install/motor/share/motor/cmake/motorConfig-version.cmake
[24.225s] -- Symlinking: /application/rightbot_ws/src/actuator_interface/install/motor/share/motor/package.xml
[24.234s] Invoked command in '/application/rightbot_ws/src/actuator_interface/build/motor' returned '0': CMAKE_PREFIX_PATH=${CMAKE_PREFIX_PATH}:/opt/ros/rolling /usr/bin/cmake --install /application/rightbot_ws/src/actuator_interface/build/motor
