-- The C compiler identification is GNU 9.4.0
-- The CXX compiler identification is GNU 9.4.0
-- Check for working C compiler: /usr/bin/cc
-- Check for working C compiler: /usr/bin/cc -- works
-- Detecting C compiler ABI info
-- Detecting C compiler ABI info - done
-- Detecting C compile features
-- Detecting C compile features - done
-- Check for working CXX compiler: /usr/bin/c++
-- Check for working CXX compiler: /usr/bin/c++ -- works
-- Detecting CXX compiler ABI info
-- Detecting CXX compiler ABI info - done
-- Detecting CXX compile features
-- Detecting CXX compile features - done
-- Found ament_cmake: 1.2.1 (/opt/ros/rolling/share/ament_cmake/cmake)
-- Found Python3: /usr/bin/python3.8 (found version "3.8.10") found components: Interpreter 
-- Override CMake install command with custom implementation using symlinks instead of copying resources
-- Found sensor: 0.0.0 (/application/rightbot_ws/src/actuator_interface/install/sensor/share/sensor/cmake)
-- Found motor: 0.6.2 (/application/rightbot_ws/src/actuator_interface/install/motor/share/motor/cmake)
-- Found ament_lint_auto: 0.11.4 (/opt/ros/rolling/share/ament_lint_auto/cmake)
-- Added test 'cppcheck' to perform static code analysis on C / C++ code
-- Configured cppcheck include dirs: /application/rightbot_ws/src/actuator_interface/sensors/encoder_sensor/include;/application/rightbot_ws/src/actuator_interface/sensors/encoder_sensor/../../json_reader/include;/application/rightbot_ws/src/actuator_interface/sensors/encoder_sensor/../../motor/include
-- Configured cppcheck exclude dirs and/or files: 
-- Added test 'lint_cmake' to check CMake code style
-- Added test 'uncrustify' to check C / C++ code style
-- Configured uncrustify additional arguments: 
-- Added test 'xmllint' to check XML markup files
-- Configuring done
-- Generating done
-- Build files have been written to: /application/rightbot_ws/src/actuator_interface/build/encoder_sensor
[35m[1mScanning dependencies of target encoder_sensor[0m
[ 40%] [32mBuilding CXX object CMakeFiles/encoder_sensor.dir/application/rightbot_ws/src/actuator_interface/json_reader/src/json_read.cpp.o[0m
[ 40%] [32mBuilding CXX object CMakeFiles/encoder_sensor.dir/src/encoder_sensor.cpp.o[0m
[ 60%] [32m[1mLinking CXX shared library libencoder_sensor.so[0m
[ 60%] Built target encoder_sensor
[35m[1mScanning dependencies of target encoder_sensor_test[0m
[ 80%] [32mBuilding CXX object CMakeFiles/encoder_sensor_test.dir/test/main.cpp.o[0m
[100%] [32m[1mLinking CXX executable encoder_sensor_test[0m
[100%] Built target encoder_sensor_test
-- Install configuration: ""
-- Installing: /application/rightbot_ws/src/actuator_interface/install/encoder_sensor/include/
-- Installing: /application/rightbot_ws/src/actuator_interface/install/encoder_sensor/include//encoder_sensor
-- Installing: /application/rightbot_ws/src/actuator_interface/install/encoder_sensor/include//encoder_sensor/encoder_sensor.hpp
-- Execute custom install script
-- Symlinking: /application/rightbot_ws/src/actuator_interface/install/encoder_sensor/share/encoder_sensor/environment/library_path.sh
-- Symlinking: /application/rightbot_ws/src/actuator_interface/install/encoder_sensor/share/encoder_sensor/environment/library_path.dsv
-- Symlinking: /application/rightbot_ws/src/actuator_interface/install/encoder_sensor/lib/encoder_sensor/encoder_sensor_test
-- Symlinking: /application/rightbot_ws/src/actuator_interface/install/encoder_sensor/share/ament_index/resource_index/package_run_dependencies/encoder_sensor
-- Symlinking: /application/rightbot_ws/src/actuator_interface/install/encoder_sensor/share/ament_index/resource_index/parent_prefix_path/encoder_sensor
-- Symlinking: /application/rightbot_ws/src/actuator_interface/install/encoder_sensor/share/encoder_sensor/environment/ament_prefix_path.sh
-- Symlinking: /application/rightbot_ws/src/actuator_interface/install/encoder_sensor/share/encoder_sensor/environment/ament_prefix_path.dsv
-- Symlinking: /application/rightbot_ws/src/actuator_interface/install/encoder_sensor/share/encoder_sensor/environment/path.sh
-- Symlinking: /application/rightbot_ws/src/actuator_interface/install/encoder_sensor/share/encoder_sensor/environment/path.dsv
-- Symlinking: /application/rightbot_ws/src/actuator_interface/install/encoder_sensor/share/encoder_sensor/local_setup.bash
-- Symlinking: /application/rightbot_ws/src/actuator_interface/install/encoder_sensor/share/encoder_sensor/local_setup.sh
-- Symlinking: /application/rightbot_ws/src/actuator_interface/install/encoder_sensor/share/encoder_sensor/local_setup.zsh
-- Symlinking: /application/rightbot_ws/src/actuator_interface/install/encoder_sensor/share/encoder_sensor/local_setup.dsv
-- Symlinking: /application/rightbot_ws/src/actuator_interface/install/encoder_sensor/share/encoder_sensor/package.dsv
-- Symlinking: /application/rightbot_ws/src/actuator_interface/install/encoder_sensor/share/ament_index/resource_index/packages/encoder_sensor
-- Symlinking: /application/rightbot_ws/src/actuator_interface/install/encoder_sensor/share/encoder_sensor/cmake/ament_cmake_export_targets-extras.cmake
-- Symlinking: /application/rightbot_ws/src/actuator_interface/install/encoder_sensor/share/encoder_sensor/cmake/encoder_sensorConfig.cmake
-- Symlinking: /application/rightbot_ws/src/actuator_interface/install/encoder_sensor/share/encoder_sensor/cmake/encoder_sensorConfig-version.cmake
-- Symlinking: /application/rightbot_ws/src/actuator_interface/install/encoder_sensor/share/encoder_sensor/package.xml
-- Installing: /application/rightbot_ws/src/actuator_interface/install/encoder_sensor/lib/libencoder_sensor.so
-- Set runtime path of "/application/rightbot_ws/src/actuator_interface/install/encoder_sensor/lib/libencoder_sensor.so" to ""
-- Installing: /application/rightbot_ws/src/actuator_interface/install/encoder_sensor/share/encoder_sensor/cmake/encoder_sensorExport.cmake
-- Installing: /application/rightbot_ws/src/actuator_interface/install/encoder_sensor/share/encoder_sensor/cmake/encoder_sensorExport-noconfig.cmake
