[0.023s] Invoking command in '/application/rightbot_ws/src/actuator_interface/build/encoder_sensor': AMENT_PREFIX_PATH=/application/rightbot_ws/src/actuator_interface/install/sensor:/application/rightbot_ws/src/actuator_interface/install/motor:${AMENT_PREFIX_PATH} CMAKE_PREFIX_PATH=/application/rightbot_ws/src/actuator_interface/install/sensor:/application/rightbot_ws/src/actuator_interface/install/motor:/application/rightbot_ws/install/motor_test:/application/rightbot_ws/install/encoder_sensor:/application/rightbot_ws/install/sensor:/application/rightbot_ws/install/motor_actuator:/application/rightbot_ws/install/motor:/application/rightbot_ws/install/actuator:/opt/ros/rolling LD_LIBRARY_PATH=/application/rightbot_ws/src/actuator_interface/install/sensor/lib:/application/rightbot_ws/src/actuator_interface/install/motor/lib:${LD_LIBRARY_PATH} /usr/bin/cmake /application/rightbot_ws/src/actuator_interface/sensors/encoder_sensor -DAMENT_CMAKE_SYMLINK_INSTALL=1 -DCMAKE_INSTALL_PREFIX=/application/rightbot_ws/src/actuator_interface/install/encoder_sensor
[0.103s] -- The C compiler identification is GNU 9.4.0
[0.143s] -- The CXX compiler identification is GNU 9.4.0
[0.148s] -- Check for working C compiler: /usr/bin/cc
[0.198s] -- Check for working C compiler: /usr/bin/cc -- works
[0.199s] -- Detecting C compiler ABI info
[0.250s] -- Detecting C compiler ABI info - done
[0.264s] -- Detecting C compile features
[0.264s] -- Detecting C compile features - done
[0.266s] -- Check for working CXX compiler: /usr/bin/c++
[0.322s] -- Check for working CXX compiler: /usr/bin/c++ -- works
[0.323s] -- Detecting CXX compiler ABI info
[0.380s] -- Detecting CXX compiler ABI info - done
[0.387s] -- Detecting CXX compile features
[0.388s] -- Detecting CXX compile features - done
[0.394s] -- Found ament_cmake: 1.2.1 (/opt/ros/rolling/share/ament_cmake/cmake)
[0.492s] -- Found Python3: /usr/bin/python3.8 (found version "3.8.10") found components: Interpreter 
[0.536s] -- Override CMake install command with custom implementation using symlinks instead of copying resources
[0.559s] -- Found sensor: 0.0.0 (/application/rightbot_ws/src/actuator_interface/install/sensor/share/sensor/cmake)
[0.560s] -- Found motor: 0.6.2 (/application/rightbot_ws/src/actuator_interface/install/motor/share/motor/cmake)
[0.563s] -- Found ament_lint_auto: 0.11.4 (/opt/ros/rolling/share/ament_lint_auto/cmake)
[0.627s] -- Added test 'cppcheck' to perform static code analysis on C / C++ code
[0.627s] -- Configured cppcheck include dirs: /application/rightbot_ws/src/actuator_interface/sensors/encoder_sensor/include;/application/rightbot_ws/src/actuator_interface/sensors/encoder_sensor/../../json_reader/include;/application/rightbot_ws/src/actuator_interface/sensors/encoder_sensor/../../motor/include
[0.627s] -- Configured cppcheck exclude dirs and/or files: 
[0.628s] -- Added test 'lint_cmake' to check CMake code style
[0.629s] -- Added test 'uncrustify' to check C / C++ code style
[0.629s] -- Configured uncrustify additional arguments: 
[0.630s] -- Added test 'xmllint' to check XML markup files
[0.633s] -- Configuring done
[0.638s] -- Generating done
[0.639s] -- Build files have been written to: /application/rightbot_ws/src/actuator_interface/build/encoder_sensor
[0.644s] Invoked command in '/application/rightbot_ws/src/actuator_interface/build/encoder_sensor' returned '0': AMENT_PREFIX_PATH=/application/rightbot_ws/src/actuator_interface/install/sensor:/application/rightbot_ws/src/actuator_interface/install/motor:${AMENT_PREFIX_PATH} CMAKE_PREFIX_PATH=/application/rightbot_ws/src/actuator_interface/install/sensor:/application/rightbot_ws/src/actuator_interface/install/motor:/application/rightbot_ws/install/motor_test:/application/rightbot_ws/install/encoder_sensor:/application/rightbot_ws/install/sensor:/application/rightbot_ws/install/motor_actuator:/application/rightbot_ws/install/motor:/application/rightbot_ws/install/actuator:/opt/ros/rolling LD_LIBRARY_PATH=/application/rightbot_ws/src/actuator_interface/install/sensor/lib:/application/rightbot_ws/src/actuator_interface/install/motor/lib:${LD_LIBRARY_PATH} /usr/bin/cmake /application/rightbot_ws/src/actuator_interface/sensors/encoder_sensor -DAMENT_CMAKE_SYMLINK_INSTALL=1 -DCMAKE_INSTALL_PREFIX=/application/rightbot_ws/src/actuator_interface/install/encoder_sensor
[0.645s] Invoking command in '/application/rightbot_ws/src/actuator_interface/build/encoder_sensor': AMENT_PREFIX_PATH=/application/rightbot_ws/src/actuator_interface/install/sensor:/application/rightbot_ws/src/actuator_interface/install/motor:${AMENT_PREFIX_PATH} CMAKE_PREFIX_PATH=/application/rightbot_ws/src/actuator_interface/install/sensor:/application/rightbot_ws/src/actuator_interface/install/motor:/application/rightbot_ws/install/motor_test:/application/rightbot_ws/install/encoder_sensor:/application/rightbot_ws/install/sensor:/application/rightbot_ws/install/motor_actuator:/application/rightbot_ws/install/motor:/application/rightbot_ws/install/actuator:/opt/ros/rolling LD_LIBRARY_PATH=/application/rightbot_ws/src/actuator_interface/install/sensor/lib:/application/rightbot_ws/src/actuator_interface/install/motor/lib:${LD_LIBRARY_PATH} /usr/bin/cmake --build /application/rightbot_ws/src/actuator_interface/build/encoder_sensor -- -j4 -l4
[0.675s] [35m[1mScanning dependencies of target encoder_sensor[0m
[0.686s] [ 40%] [32mBuilding CXX object CMakeFiles/encoder_sensor.dir/application/rightbot_ws/src/actuator_interface/json_reader/src/json_read.cpp.o[0m
[0.686s] [ 40%] [32mBuilding CXX object CMakeFiles/encoder_sensor.dir/src/encoder_sensor.cpp.o[0m
[1.906s] [01m[K/application/rightbot_ws/src/actuator_interface/sensors/encoder_sensor/src/encoder_sensor.cpp:47:2:[m[K [01;35m[Kwarning: [m[Kextra ‘[01m[K;[m[K’ [[01;35m[K-Wpedantic[m[K]
[1.906s]    47 | }[01;35m[K;[m[K
[1.907s]       |  [01;35m[K^[m[K
[4.763s] In file included from [01m[K/application/rightbot_ws/src/actuator_interface/sensors/encoder_sensor/../../motor/include/../../canopen/canopen.h:3[m[K,
[4.763s]                  from [01m[K/application/rightbot_ws/src/actuator_interface/sensors/encoder_sensor/../../motor/include/sockets.hpp:9[m[K,
[4.763s]                  from [01m[K/application/rightbot_ws/src/actuator_interface/sensors/encoder_sensor/include/encoder_sensor/encoder_sensor.hpp:9[m[K,
[4.763s]                  from [01m[K/application/rightbot_ws/src/actuator_interface/sensors/encoder_sensor/src/encoder_sensor.cpp:1[m[K:
[4.763s] [01m[K/application/rightbot_ws/src/actuator_interface/sensors/encoder_sensor/../../motor/include/../../canopen/NMT.h:16:3:[m[K [01;35m[Kwarning: [m[K‘[01m[KNMT_transisions_t[m[K’ defined but not used [[01;35m[K-Wunused-variable[m[K]
[4.763s]    16 | } [01;35m[KNMT_transisions_t[m[K;
[4.763s]       |   [01;35m[K^~~~~~~~~~~~~~~~~[m[K
[9.818s] [ 60%] [32m[1mLinking CXX shared library libencoder_sensor.so[0m
[10.263s] [ 60%] Built target encoder_sensor
[10.275s] [35m[1mScanning dependencies of target encoder_sensor_test[0m
[10.288s] [ 80%] [32mBuilding CXX object CMakeFiles/encoder_sensor_test.dir/test/main.cpp.o[0m
[13.053s] In file included from [01m[K/application/rightbot_ws/src/actuator_interface/sensors/encoder_sensor/../../motor/include/../../canopen/canopen.h:3[m[K,
[13.053s]                  from [01m[K/application/rightbot_ws/src/actuator_interface/sensors/encoder_sensor/../../motor/include/sockets.hpp:9[m[K,
[13.053s]                  from [01m[K/application/rightbot_ws/src/actuator_interface/sensors/encoder_sensor/include/encoder_sensor/encoder_sensor.hpp:9[m[K,
[13.053s]                  from [01m[K/application/rightbot_ws/src/actuator_interface/sensors/encoder_sensor/test/main.cpp:1[m[K:
[13.053s] [01m[K/application/rightbot_ws/src/actuator_interface/sensors/encoder_sensor/../../motor/include/../../canopen/NMT.h:16:3:[m[K [01;35m[Kwarning: [m[K‘[01m[KNMT_transisions_t[m[K’ defined but not used [[01;35m[K-Wunused-variable[m[K]
[13.053s]    16 | } [01;35m[KNMT_transisions_t[m[K;
[13.054s]       |   [01;35m[K^~~~~~~~~~~~~~~~~[m[K
[15.469s] [100%] [32m[1mLinking CXX executable encoder_sensor_test[0m
[15.639s] [100%] Built target encoder_sensor_test
[15.651s] Invoked command in '/application/rightbot_ws/src/actuator_interface/build/encoder_sensor' returned '0': AMENT_PREFIX_PATH=/application/rightbot_ws/src/actuator_interface/install/sensor:/application/rightbot_ws/src/actuator_interface/install/motor:${AMENT_PREFIX_PATH} CMAKE_PREFIX_PATH=/application/rightbot_ws/src/actuator_interface/install/sensor:/application/rightbot_ws/src/actuator_interface/install/motor:/application/rightbot_ws/install/motor_test:/application/rightbot_ws/install/encoder_sensor:/application/rightbot_ws/install/sensor:/application/rightbot_ws/install/motor_actuator:/application/rightbot_ws/install/motor:/application/rightbot_ws/install/actuator:/opt/ros/rolling LD_LIBRARY_PATH=/application/rightbot_ws/src/actuator_interface/install/sensor/lib:/application/rightbot_ws/src/actuator_interface/install/motor/lib:${LD_LIBRARY_PATH} /usr/bin/cmake --build /application/rightbot_ws/src/actuator_interface/build/encoder_sensor -- -j4 -l4
[15.676s] Invoking command in '/application/rightbot_ws/src/actuator_interface/build/encoder_sensor': AMENT_PREFIX_PATH=/application/rightbot_ws/src/actuator_interface/install/sensor:/application/rightbot_ws/src/actuator_interface/install/motor:${AMENT_PREFIX_PATH} CMAKE_PREFIX_PATH=/application/rightbot_ws/src/actuator_interface/install/sensor:/application/rightbot_ws/src/actuator_interface/install/motor:/application/rightbot_ws/install/motor_test:/application/rightbot_ws/install/encoder_sensor:/application/rightbot_ws/install/sensor:/application/rightbot_ws/install/motor_actuator:/application/rightbot_ws/install/motor:/application/rightbot_ws/install/actuator:/opt/ros/rolling LD_LIBRARY_PATH=/application/rightbot_ws/src/actuator_interface/install/sensor/lib:/application/rightbot_ws/src/actuator_interface/install/motor/lib:${LD_LIBRARY_PATH} /usr/bin/cmake --install /application/rightbot_ws/src/actuator_interface/build/encoder_sensor
[15.684s] -- Install configuration: ""
[15.684s] -- Installing: /application/rightbot_ws/src/actuator_interface/install/encoder_sensor/include/
[15.684s] -- Installing: /application/rightbot_ws/src/actuator_interface/install/encoder_sensor/include//encoder_sensor
[15.684s] -- Installing: /application/rightbot_ws/src/actuator_interface/install/encoder_sensor/include//encoder_sensor/encoder_sensor.hpp
[15.684s] -- Execute custom install script
[15.684s] -- Symlinking: /application/rightbot_ws/src/actuator_interface/install/encoder_sensor/share/encoder_sensor/environment/library_path.sh
[15.693s] -- Symlinking: /application/rightbot_ws/src/actuator_interface/install/encoder_sensor/share/encoder_sensor/environment/library_path.dsv
[15.701s] -- Symlinking: /application/rightbot_ws/src/actuator_interface/install/encoder_sensor/lib/encoder_sensor/encoder_sensor_test
[15.709s] -- Symlinking: /application/rightbot_ws/src/actuator_interface/install/encoder_sensor/share/ament_index/resource_index/package_run_dependencies/encoder_sensor
[15.717s] -- Symlinking: /application/rightbot_ws/src/actuator_interface/install/encoder_sensor/share/ament_index/resource_index/parent_prefix_path/encoder_sensor
[15.725s] -- Symlinking: /application/rightbot_ws/src/actuator_interface/install/encoder_sensor/share/encoder_sensor/environment/ament_prefix_path.sh
[15.733s] -- Symlinking: /application/rightbot_ws/src/actuator_interface/install/encoder_sensor/share/encoder_sensor/environment/ament_prefix_path.dsv
[15.742s] -- Symlinking: /application/rightbot_ws/src/actuator_interface/install/encoder_sensor/share/encoder_sensor/environment/path.sh
[15.750s] -- Symlinking: /application/rightbot_ws/src/actuator_interface/install/encoder_sensor/share/encoder_sensor/environment/path.dsv
[15.758s] -- Symlinking: /application/rightbot_ws/src/actuator_interface/install/encoder_sensor/share/encoder_sensor/local_setup.bash
[15.766s] -- Symlinking: /application/rightbot_ws/src/actuator_interface/install/encoder_sensor/share/encoder_sensor/local_setup.sh
[15.774s] -- Symlinking: /application/rightbot_ws/src/actuator_interface/install/encoder_sensor/share/encoder_sensor/local_setup.zsh
[15.783s] -- Symlinking: /application/rightbot_ws/src/actuator_interface/install/encoder_sensor/share/encoder_sensor/local_setup.dsv
[15.791s] -- Symlinking: /application/rightbot_ws/src/actuator_interface/install/encoder_sensor/share/encoder_sensor/package.dsv
[15.799s] -- Symlinking: /application/rightbot_ws/src/actuator_interface/install/encoder_sensor/share/ament_index/resource_index/packages/encoder_sensor
[15.807s] -- Symlinking: /application/rightbot_ws/src/actuator_interface/install/encoder_sensor/share/encoder_sensor/cmake/ament_cmake_export_targets-extras.cmake
[15.815s] -- Symlinking: /application/rightbot_ws/src/actuator_interface/install/encoder_sensor/share/encoder_sensor/cmake/encoder_sensorConfig.cmake
[15.824s] -- Symlinking: /application/rightbot_ws/src/actuator_interface/install/encoder_sensor/share/encoder_sensor/cmake/encoder_sensorConfig-version.cmake
[15.832s] -- Symlinking: /application/rightbot_ws/src/actuator_interface/install/encoder_sensor/share/encoder_sensor/package.xml
[15.840s] -- Installing: /application/rightbot_ws/src/actuator_interface/install/encoder_sensor/lib/libencoder_sensor.so
[15.843s] -- Set runtime path of "/application/rightbot_ws/src/actuator_interface/install/encoder_sensor/lib/libencoder_sensor.so" to ""
[15.843s] -- Installing: /application/rightbot_ws/src/actuator_interface/install/encoder_sensor/share/encoder_sensor/cmake/encoder_sensorExport.cmake
[15.843s] -- Installing: /application/rightbot_ws/src/actuator_interface/install/encoder_sensor/share/encoder_sensor/cmake/encoder_sensorExport-noconfig.cmake
[15.848s] Invoked command in '/application/rightbot_ws/src/actuator_interface/build/encoder_sensor' returned '0': AMENT_PREFIX_PATH=/application/rightbot_ws/src/actuator_interface/install/sensor:/application/rightbot_ws/src/actuator_interface/install/motor:${AMENT_PREFIX_PATH} CMAKE_PREFIX_PATH=/application/rightbot_ws/src/actuator_interface/install/sensor:/application/rightbot_ws/src/actuator_interface/install/motor:/application/rightbot_ws/install/motor_test:/application/rightbot_ws/install/encoder_sensor:/application/rightbot_ws/install/sensor:/application/rightbot_ws/install/motor_actuator:/application/rightbot_ws/install/motor:/application/rightbot_ws/install/actuator:/opt/ros/rolling LD_LIBRARY_PATH=/application/rightbot_ws/src/actuator_interface/install/sensor/lib:/application/rightbot_ws/src/actuator_interface/install/motor/lib:${LD_LIBRARY_PATH} /usr/bin/cmake --install /application/rightbot_ws/src/actuator_interface/build/encoder_sensor
