[100%] Built target sensor
-- Install configuration: ""
-- Up-to-date: /application/rightbot_ws/src/actuator_interface/install/sensor/include/
-- Up-to-date: /application/rightbot_ws/src/actuator_interface/install/sensor/include//sensor
-- Up-to-date: /application/rightbot_ws/src/actuator_interface/install/sensor/include//sensor/sensor.hpp
-- Execute custom install script
-- Up-to-date symlink: /application/rightbot_ws/src/actuator_interface/install/sensor/share/sensor/environment/library_path.sh
-- Up-to-date symlink: /application/rightbot_ws/src/actuator_interface/install/sensor/share/sensor/environment/library_path.dsv
-- Up-to-date symlink: /application/rightbot_ws/src/actuator_interface/install/sensor/share/ament_index/resource_index/package_run_dependencies/sensor
-- Up-to-date symlink: /application/rightbot_ws/src/actuator_interface/install/sensor/share/ament_index/resource_index/parent_prefix_path/sensor
-- Up-to-date symlink: /application/rightbot_ws/src/actuator_interface/install/sensor/share/sensor/environment/ament_prefix_path.sh
-- Up-to-date symlink: /application/rightbot_ws/src/actuator_interface/install/sensor/share/sensor/environment/ament_prefix_path.dsv
-- Up-to-date symlink: /application/rightbot_ws/src/actuator_interface/install/sensor/share/sensor/environment/path.sh
-- Up-to-date symlink: /application/rightbot_ws/src/actuator_interface/install/sensor/share/sensor/environment/path.dsv
-- Up-to-date symlink: /application/rightbot_ws/src/actuator_interface/install/sensor/share/sensor/local_setup.bash
-- Up-to-date symlink: /application/rightbot_ws/src/actuator_interface/install/sensor/share/sensor/local_setup.sh
-- Up-to-date symlink: /application/rightbot_ws/src/actuator_interface/install/sensor/share/sensor/local_setup.zsh
-- Up-to-date symlink: /application/rightbot_ws/src/actuator_interface/install/sensor/share/sensor/local_setup.dsv
-- Symlinking: /application/rightbot_ws/src/actuator_interface/install/sensor/share/sensor/package.dsv
-- Up-to-date symlink: /application/rightbot_ws/src/actuator_interface/install/sensor/share/ament_index/resource_index/packages/sensor
-- Up-to-date symlink: /application/rightbot_ws/src/actuator_interface/install/sensor/share/sensor/cmake/ament_cmake_export_targets-extras.cmake
-- Up-to-date symlink: /application/rightbot_ws/src/actuator_interface/install/sensor/share/sensor/cmake/sensorConfig.cmake
-- Up-to-date symlink: /application/rightbot_ws/src/actuator_interface/install/sensor/share/sensor/cmake/sensorConfig-version.cmake
-- Up-to-date symlink: /application/rightbot_ws/src/actuator_interface/install/sensor/share/sensor/package.xml
-- Up-to-date: /application/rightbot_ws/src/actuator_interface/install/sensor/lib/libsensor.so
-- Up-to-date: /application/rightbot_ws/src/actuator_interface/install/sensor/share/sensor/cmake/sensorExport.cmake
-- Up-to-date: /application/rightbot_ws/src/actuator_interface/install/sensor/share/sensor/cmake/sensorExport-noconfig.cmake
