[0.022s] Invoking command in '/application/rightbot_ws/src/actuator_interface/build/sensor': CMAKE_PREFIX_PATH=${CMAKE_PREFIX_PATH}:/opt/ros/rolling /usr/bin/cmake --build /application/rightbot_ws/src/actuator_interface/build/sensor -- -j4 -l4
[0.066s] [100%] Built target sensor
[0.077s] Invoked command in '/application/rightbot_ws/src/actuator_interface/build/sensor' returned '0': CMAKE_PREFIX_PATH=${CMAKE_PREFIX_PATH}:/opt/ros/rolling /usr/bin/cmake --build /application/rightbot_ws/src/actuator_interface/build/sensor -- -j4 -l4
[0.113s] Invoking command in '/application/rightbot_ws/src/actuator_interface/build/sensor': CMAKE_PREFIX_PATH=${CMAKE_PREFIX_PATH}:/opt/ros/rolling /usr/bin/cmake --install /application/rightbot_ws/src/actuator_interface/build/sensor
[0.122s] -- Install configuration: ""
[0.122s] -- Up-to-date: /application/rightbot_ws/src/actuator_interface/install/sensor/include/
[0.122s] -- Up-to-date: /application/rightbot_ws/src/actuator_interface/install/sensor/include//sensor
[0.122s] -- Up-to-date: /application/rightbot_ws/src/actuator_interface/install/sensor/include//sensor/sensor.hpp
[0.125s] -- Execute custom install script
[0.125s] -- Up-to-date symlink: /application/rightbot_ws/src/actuator_interface/install/sensor/share/sensor/environment/library_path.sh
[0.125s] -- Up-to-date symlink: /application/rightbot_ws/src/actuator_interface/install/sensor/share/sensor/environment/library_path.dsv
[0.126s] -- Up-to-date symlink: /application/rightbot_ws/src/actuator_interface/install/sensor/share/ament_index/resource_index/package_run_dependencies/sensor
[0.126s] -- Up-to-date symlink: /application/rightbot_ws/src/actuator_interface/install/sensor/share/ament_index/resource_index/parent_prefix_path/sensor
[0.126s] -- Up-to-date symlink: /application/rightbot_ws/src/actuator_interface/install/sensor/share/sensor/environment/ament_prefix_path.sh
[0.126s] -- Up-to-date symlink: /application/rightbot_ws/src/actuator_interface/install/sensor/share/sensor/environment/ament_prefix_path.dsv
[0.127s] -- Up-to-date symlink: /application/rightbot_ws/src/actuator_interface/install/sensor/share/sensor/environment/path.sh
[0.127s] -- Up-to-date symlink: /application/rightbot_ws/src/actuator_interface/install/sensor/share/sensor/environment/path.dsv
[0.127s] -- Up-to-date symlink: /application/rightbot_ws/src/actuator_interface/install/sensor/share/sensor/local_setup.bash
[0.128s] -- Up-to-date symlink: /application/rightbot_ws/src/actuator_interface/install/sensor/share/sensor/local_setup.sh
[0.128s] -- Up-to-date symlink: /application/rightbot_ws/src/actuator_interface/install/sensor/share/sensor/local_setup.zsh
[0.128s] -- Up-to-date symlink: /application/rightbot_ws/src/actuator_interface/install/sensor/share/sensor/local_setup.dsv
[0.128s] -- Symlinking: /application/rightbot_ws/src/actuator_interface/install/sensor/share/sensor/package.dsv
[0.138s] -- Up-to-date symlink: /application/rightbot_ws/src/actuator_interface/install/sensor/share/ament_index/resource_index/packages/sensor
[0.138s] -- Up-to-date symlink: /application/rightbot_ws/src/actuator_interface/install/sensor/share/sensor/cmake/ament_cmake_export_targets-extras.cmake
[0.138s] -- Up-to-date symlink: /application/rightbot_ws/src/actuator_interface/install/sensor/share/sensor/cmake/sensorConfig.cmake
[0.139s] -- Up-to-date symlink: /application/rightbot_ws/src/actuator_interface/install/sensor/share/sensor/cmake/sensorConfig-version.cmake
[0.139s] -- Up-to-date symlink: /application/rightbot_ws/src/actuator_interface/install/sensor/share/sensor/package.xml
[0.139s] -- Up-to-date: /application/rightbot_ws/src/actuator_interface/install/sensor/lib/libsensor.so
[0.140s] -- Up-to-date: /application/rightbot_ws/src/actuator_interface/install/sensor/share/sensor/cmake/sensorExport.cmake
[0.140s] -- Up-to-date: /application/rightbot_ws/src/actuator_interface/install/sensor/share/sensor/cmake/sensorExport-noconfig.cmake
[0.142s] Invoked command in '/application/rightbot_ws/src/actuator_interface/build/sensor' returned '0': CMAKE_PREFIX_PATH=${CMAKE_PREFIX_PATH}:/opt/ros/rolling /usr/bin/cmake --install /application/rightbot_ws/src/actuator_interface/build/sensor
