[0.028s] Invoking command in '/application/rightbot_ws/src/actuator_interface/build/sensor': CMAKE_PREFIX_PATH=${CMAKE_PREFIX_PATH}:/opt/ros/rolling /usr/bin/cmake /application/rightbot_ws/src/actuator_interface/sensors/sensor -DAMENT_CMAKE_SYMLINK_INSTALL=1 -DCMAKE_INSTALL_PREFIX=/application/rightbot_ws/src/actuator_interface/install/sensor
[0.167s] -- The C compiler identification is GNU 9.4.0
[0.270s] -- The CXX compiler identification is GNU 9.4.0
[0.279s] -- Check for working C compiler: /usr/bin/cc
[0.365s] -- Check for working C compiler: /usr/bin/cc -- works
[0.369s] -- Detecting C compiler ABI info
[0.459s] -- Detecting C compiler ABI info - done
[0.474s] -- Detecting C compile features
[0.475s] -- Detecting C compile features - done
[0.479s] -- Check for working CXX compiler: /usr/bin/c++
[0.577s] -- Check for working CXX compiler: /usr/bin/c++ -- works
[0.578s] -- Detecting CXX compiler ABI info
[0.685s] -- Detecting CXX compiler ABI info - done
[0.698s] -- Detecting CXX compile features
[0.699s] -- Detecting CXX compile features - done
[0.703s] -- Found ament_cmake: 1.2.1 (/opt/ros/rolling/share/ament_cmake/cmake)
[0.887s] -- Found Python3: /usr/bin/python3.8 (found version "3.8.10") found components: Interpreter 
[0.971s] -- Override CMake install command with custom implementation using symlinks instead of copying resources
[1.029s] -- Found ament_lint_auto: 0.11.4 (/opt/ros/rolling/share/ament_lint_auto/cmake)
[1.159s] -- Added test 'cppcheck' to perform static code analysis on C / C++ code
[1.161s] -- Configured cppcheck include dirs: /application/rightbot_ws/src/actuator_interface/sensors/sensor/include;/application/rightbot_ws/src/actuator_interface/sensors/sensor/../../json_reader/include
[1.161s] -- Configured cppcheck exclude dirs and/or files: 
[1.163s] -- Added test 'lint_cmake' to check CMake code style
[1.165s] -- Added test 'uncrustify' to check C / C++ code style
[1.165s] -- Configured uncrustify additional arguments: 
[1.167s] -- Added test 'xmllint' to check XML markup files
[1.172s] -- Configuring done
[1.178s] -- Generating done
[1.180s] -- Build files have been written to: /application/rightbot_ws/src/actuator_interface/build/sensor
[1.194s] Invoked command in '/application/rightbot_ws/src/actuator_interface/build/sensor' returned '0': CMAKE_PREFIX_PATH=${CMAKE_PREFIX_PATH}:/opt/ros/rolling /usr/bin/cmake /application/rightbot_ws/src/actuator_interface/sensors/sensor -DAMENT_CMAKE_SYMLINK_INSTALL=1 -DCMAKE_INSTALL_PREFIX=/application/rightbot_ws/src/actuator_interface/install/sensor
[1.195s] Invoking command in '/application/rightbot_ws/src/actuator_interface/build/sensor': CMAKE_PREFIX_PATH=${CMAKE_PREFIX_PATH}:/opt/ros/rolling /usr/bin/cmake --build /application/rightbot_ws/src/actuator_interface/build/sensor -- -j4 -l4
[1.297s] [35m[1mScanning dependencies of target sensor[0m
[1.322s] [ 33%] [32mBuilding CXX object CMakeFiles/sensor.dir/src/sensor.cpp.o[0m
[1.334s] [ 66%] [32mBuilding CXX object CMakeFiles/sensor.dir/application/rightbot_ws/src/actuator_interface/json_reader/src/json_read.cpp.o[0m
[2.424s] [100%] [32m[1mLinking CXX shared library libsensor.so[0m
[2.567s] [100%] Built target sensor
[2.586s] Invoked command in '/application/rightbot_ws/src/actuator_interface/build/sensor' returned '0': CMAKE_PREFIX_PATH=${CMAKE_PREFIX_PATH}:/opt/ros/rolling /usr/bin/cmake --build /application/rightbot_ws/src/actuator_interface/build/sensor -- -j4 -l4
[2.717s] Invoking command in '/application/rightbot_ws/src/actuator_interface/build/sensor': CMAKE_PREFIX_PATH=${CMAKE_PREFIX_PATH}:/opt/ros/rolling /usr/bin/cmake --install /application/rightbot_ws/src/actuator_interface/build/sensor
[2.732s] -- Install configuration: ""
[2.732s] -- Installing: /application/rightbot_ws/src/actuator_interface/install/sensor/include/
[2.732s] -- Installing: /application/rightbot_ws/src/actuator_interface/install/sensor/include//sensor
[2.732s] -- Installing: /application/rightbot_ws/src/actuator_interface/install/sensor/include//sensor/sensor.hpp
[2.732s] -- Execute custom install script
[2.732s] -- Symlinking: /application/rightbot_ws/src/actuator_interface/install/sensor/share/sensor/environment/library_path.sh
[2.745s] -- Symlinking: /application/rightbot_ws/src/actuator_interface/install/sensor/share/sensor/environment/library_path.dsv
[2.759s] -- Symlinking: /application/rightbot_ws/src/actuator_interface/install/sensor/share/ament_index/resource_index/package_run_dependencies/sensor
[2.772s] -- Symlinking: /application/rightbot_ws/src/actuator_interface/install/sensor/share/ament_index/resource_index/parent_prefix_path/sensor
[2.785s] -- Symlinking: /application/rightbot_ws/src/actuator_interface/install/sensor/share/sensor/environment/ament_prefix_path.sh
[2.800s] -- Symlinking: /application/rightbot_ws/src/actuator_interface/install/sensor/share/sensor/environment/ament_prefix_path.dsv
[2.814s] -- Symlinking: /application/rightbot_ws/src/actuator_interface/install/sensor/share/sensor/environment/path.sh
[2.829s] -- Symlinking: /application/rightbot_ws/src/actuator_interface/install/sensor/share/sensor/environment/path.dsv
[2.840s] -- Symlinking: /application/rightbot_ws/src/actuator_interface/install/sensor/share/sensor/local_setup.bash
[2.853s] -- Symlinking: /application/rightbot_ws/src/actuator_interface/install/sensor/share/sensor/local_setup.sh
[2.867s] -- Symlinking: /application/rightbot_ws/src/actuator_interface/install/sensor/share/sensor/local_setup.zsh
[2.879s] -- Symlinking: /application/rightbot_ws/src/actuator_interface/install/sensor/share/sensor/local_setup.dsv
[2.890s] -- Symlinking: /application/rightbot_ws/src/actuator_interface/install/sensor/share/sensor/package.dsv
[2.901s] -- Symlinking: /application/rightbot_ws/src/actuator_interface/install/sensor/share/ament_index/resource_index/packages/sensor
[2.915s] -- Symlinking: /application/rightbot_ws/src/actuator_interface/install/sensor/share/sensor/cmake/ament_cmake_export_targets-extras.cmake
[2.928s] -- Symlinking: /application/rightbot_ws/src/actuator_interface/install/sensor/share/sensor/cmake/sensorConfig.cmake
[2.938s] -- Symlinking: /application/rightbot_ws/src/actuator_interface/install/sensor/share/sensor/cmake/sensorConfig-version.cmake
[2.948s] -- Symlinking: /application/rightbot_ws/src/actuator_interface/install/sensor/share/sensor/package.xml
[2.958s] -- Installing: /application/rightbot_ws/src/actuator_interface/install/sensor/lib/libsensor.so
[2.958s] -- Installing: /application/rightbot_ws/src/actuator_interface/install/sensor/share/sensor/cmake/sensorExport.cmake
[2.958s] -- Installing: /application/rightbot_ws/src/actuator_interface/install/sensor/share/sensor/cmake/sensorExport-noconfig.cmake
[2.964s] Invoked command in '/application/rightbot_ws/src/actuator_interface/build/sensor' returned '0': CMAKE_PREFIX_PATH=${CMAKE_PREFIX_PATH}:/opt/ros/rolling /usr/bin/cmake --install /application/rightbot_ws/src/actuator_interface/build/sensor
