[0.027s] Invoking command in '/application/rightbot_ws/src/actuator_interface/build/actuator': CMAKE_PREFIX_PATH=${CMAKE_PREFIX_PATH}:/opt/ros/rolling /usr/bin/cmake /application/rightbot_ws/src/actuator_interface/actuators/actuator -DAMENT_CMAKE_SYMLINK_INSTALL=1 -DCMAKE_INSTALL_PREFIX=/application/rightbot_ws/src/actuator_interface/install/actuator
[0.169s] -- The C compiler identification is GNU 9.4.0
[0.287s] -- The CXX compiler identification is GNU 9.4.0
[0.287s] -- Check for working C compiler: /usr/bin/cc
[0.375s] -- Check for working C compiler: /usr/bin/cc -- works
[0.377s] -- Detecting C compiler ABI info
[0.463s] -- Detecting C compiler ABI info - done
[0.476s] -- Detecting C compile features
[0.477s] -- Detecting C compile features - done
[0.481s] -- Check for working CXX compiler: /usr/bin/c++
[0.583s] -- Check for working CXX compiler: /usr/bin/c++ -- works
[0.584s] -- Detecting CXX compiler ABI info
[0.689s] -- Detecting CXX compiler ABI info - done
[0.709s] -- Detecting CXX compile features
[0.710s] -- Detecting CXX compile features - done
[0.713s] -- Found ament_cmake: 1.2.1 (/opt/ros/rolling/share/ament_cmake/cmake)
[0.901s] -- Found Python3: /usr/bin/python3.8 (found version "3.8.10") found components: Interpreter 
[0.979s] -- Override CMake install command with custom implementation using symlinks instead of copying resources
[1.037s] -- Found ament_lint_auto: 0.11.4 (/opt/ros/rolling/share/ament_lint_auto/cmake)
[1.167s] -- Added test 'cppcheck' to perform static code analysis on C / C++ code
[1.168s] -- Configured cppcheck include dirs: /application/rightbot_ws/src/actuator_interface/actuators/actuator/include;/application/rightbot_ws/src/actuator_interface/actuators/actuator/../../json_reader/include
[1.168s] -- Configured cppcheck exclude dirs and/or files: 
[1.169s] -- Added test 'lint_cmake' to check CMake code style
[1.171s] -- Added test 'uncrustify' to check C / C++ code style
[1.171s] -- Configured uncrustify additional arguments: 
[1.173s] -- Added test 'xmllint' to check XML markup files
[1.178s] -- Configuring done
[1.184s] -- Generating done
[1.185s] -- Build files have been written to: /application/rightbot_ws/src/actuator_interface/build/actuator
[1.196s] Invoked command in '/application/rightbot_ws/src/actuator_interface/build/actuator' returned '0': CMAKE_PREFIX_PATH=${CMAKE_PREFIX_PATH}:/opt/ros/rolling /usr/bin/cmake /application/rightbot_ws/src/actuator_interface/actuators/actuator -DAMENT_CMAKE_SYMLINK_INSTALL=1 -DCMAKE_INSTALL_PREFIX=/application/rightbot_ws/src/actuator_interface/install/actuator
[1.197s] Invoking command in '/application/rightbot_ws/src/actuator_interface/build/actuator': CMAKE_PREFIX_PATH=${CMAKE_PREFIX_PATH}:/opt/ros/rolling /usr/bin/cmake --build /application/rightbot_ws/src/actuator_interface/build/actuator -- -j4 -l4
[1.259s] [35m[1mScanning dependencies of target actuator[0m
[1.277s] [ 33%] [32mBuilding CXX object CMakeFiles/actuator.dir/src/actuator.cpp.o[0m
[1.281s] [ 66%] [32mBuilding CXX object CMakeFiles/actuator.dir/application/rightbot_ws/src/actuator_interface/json_reader/src/json_read.cpp.o[0m
[2.197s] [100%] [32m[1mLinking CXX shared library libactuator.so[0m
[2.358s] [100%] Built target actuator
[2.382s] Invoked command in '/application/rightbot_ws/src/actuator_interface/build/actuator' returned '0': CMAKE_PREFIX_PATH=${CMAKE_PREFIX_PATH}:/opt/ros/rolling /usr/bin/cmake --build /application/rightbot_ws/src/actuator_interface/build/actuator -- -j4 -l4
[2.453s] Invoking command in '/application/rightbot_ws/src/actuator_interface/build/actuator': CMAKE_PREFIX_PATH=${CMAKE_PREFIX_PATH}:/opt/ros/rolling /usr/bin/cmake --install /application/rightbot_ws/src/actuator_interface/build/actuator
[2.468s] -- Install configuration: ""
[2.469s] -- Installing: /application/rightbot_ws/src/actuator_interface/install/actuator/include/
[2.470s] -- Installing: /application/rightbot_ws/src/actuator_interface/install/actuator/include//actuator
[2.470s] -- Installing: /application/rightbot_ws/src/actuator_interface/install/actuator/include//actuator/actuator.hpp
[2.470s] -- Execute custom install script
[2.470s] -- Symlinking: /application/rightbot_ws/src/actuator_interface/install/actuator/share/actuator/environment/library_path.sh
[2.501s] -- Symlinking: /application/rightbot_ws/src/actuator_interface/install/actuator/share/actuator/environment/library_path.dsv
[2.510s] -- Symlinking: /application/rightbot_ws/src/actuator_interface/install/actuator/share/ament_index/resource_index/package_run_dependencies/actuator
[2.525s] -- Symlinking: /application/rightbot_ws/src/actuator_interface/install/actuator/share/ament_index/resource_index/parent_prefix_path/actuator
[2.544s] -- Symlinking: /application/rightbot_ws/src/actuator_interface/install/actuator/share/actuator/environment/ament_prefix_path.sh
[2.561s] -- Symlinking: /application/rightbot_ws/src/actuator_interface/install/actuator/share/actuator/environment/ament_prefix_path.dsv
[2.582s] -- Symlinking: /application/rightbot_ws/src/actuator_interface/install/actuator/share/actuator/environment/path.sh
[2.617s] -- Symlinking: /application/rightbot_ws/src/actuator_interface/install/actuator/share/actuator/environment/path.dsv
[2.656s] -- Symlinking: /application/rightbot_ws/src/actuator_interface/install/actuator/share/actuator/local_setup.bash
[2.673s] -- Symlinking: /application/rightbot_ws/src/actuator_interface/install/actuator/share/actuator/local_setup.sh
[2.689s] -- Symlinking: /application/rightbot_ws/src/actuator_interface/install/actuator/share/actuator/local_setup.zsh
[2.703s] -- Symlinking: /application/rightbot_ws/src/actuator_interface/install/actuator/share/actuator/local_setup.dsv
[2.717s] -- Symlinking: /application/rightbot_ws/src/actuator_interface/install/actuator/share/actuator/package.dsv
[2.736s] -- Symlinking: /application/rightbot_ws/src/actuator_interface/install/actuator/share/ament_index/resource_index/packages/actuator
[2.751s] -- Symlinking: /application/rightbot_ws/src/actuator_interface/install/actuator/share/actuator/cmake/ament_cmake_export_targets-extras.cmake
[2.766s] -- Symlinking: /application/rightbot_ws/src/actuator_interface/install/actuator/share/actuator/cmake/actuatorConfig.cmake
[2.779s] -- Symlinking: /application/rightbot_ws/src/actuator_interface/install/actuator/share/actuator/cmake/actuatorConfig-version.cmake
[2.794s] -- Symlinking: /application/rightbot_ws/src/actuator_interface/install/actuator/share/actuator/package.xml
[2.808s] -- Installing: /application/rightbot_ws/src/actuator_interface/install/actuator/lib/libactuator.so
[2.808s] -- Installing: /application/rightbot_ws/src/actuator_interface/install/actuator/share/actuator/cmake/actuatorExport.cmake
[2.808s] -- Installing: /application/rightbot_ws/src/actuator_interface/install/actuator/share/actuator/cmake/actuatorExport-noconfig.cmake
[2.811s] Invoked command in '/application/rightbot_ws/src/actuator_interface/build/actuator' returned '0': CMAKE_PREFIX_PATH=${CMAKE_PREFIX_PATH}:/opt/ros/rolling /usr/bin/cmake --install /application/rightbot_ws/src/actuator_interface/build/actuator
