[35m[1mScanning dependencies of target motor_actuator[0m
[ 11%] [32mBuilding CXX object CMakeFiles/motor_actuator.dir/application/rightbot_ws/src/actuator_interface/motor/src/motor_feedback.cpp.o[0m
[01m[K/application/rightbot_ws/src/actuator_interface/motor/src/motor_feedback.cpp:[m[K In member function ‘[01m[Kint MotorFeedback::motor_status_n_voltage_read(int, uint16_t*, float*, int)[m[K’:
[01m[K/application/rightbot_ws/src/actuator_interface/motor/src/motor_feedback.cpp:33:11:[m[K [01;35m[Kwarning: [m[Kcomparison of integer expressions of different signedness: ‘[01m[Kuint32_t[m[K’ {aka ‘[01m[Kunsigned int[m[K’} and ‘[01m[Kint[m[K’ [[01;35m[K-Wsign-compare[m[K]
   33 |  if ([01;35m[Kf.id == (PDO_TX1_ID + motor_id)[m[K){
      |      [01;35m[K~~~~~^~~~~~~~~~~~~~~~~~~~~~~~~~[m[K
[01m[K/application/rightbot_ws/src/actuator_interface/motor/src/motor_feedback.cpp:[m[K In member function ‘[01m[Kint MotorFeedback::motor_enc_read(int, uint32_t*, int)[m[K’:
[01m[K/application/rightbot_ws/src/actuator_interface/motor/src/motor_feedback.cpp:51:11:[m[K [01;35m[Kwarning: [m[Kcomparison of integer expressions of different signedness: ‘[01m[Kuint32_t[m[K’ {aka ‘[01m[Kunsigned int[m[K’} and ‘[01m[Kint[m[K’ [[01;35m[K-Wsign-compare[m[K]
   51 |  if ([01;35m[Kf.id == (PDO_TX3_ID + motor_id)[m[K)
      |      [01;35m[K~~~~~^~~~~~~~~~~~~~~~~~~~~~~~~~[m[K
[01m[K/application/rightbot_ws/src/actuator_interface/motor/src/motor_feedback.cpp:[m[K In member function ‘[01m[Kint MotorFeedback::motor_vel_read(int, double*, int)[m[K’:
[01m[K/application/rightbot_ws/src/actuator_interface/motor/src/motor_feedback.cpp:81:11:[m[K [01;35m[Kwarning: [m[Kcomparison of integer expressions of different signedness: ‘[01m[Kuint32_t[m[K’ {aka ‘[01m[Kunsigned int[m[K’} and ‘[01m[Kint[m[K’ [[01;35m[K-Wsign-compare[m[K]
   81 |  if ([01;35m[Kf.id == (PDO_TX2_ID + motor_id)[m[K)
      |      [01;35m[K~~~~~^~~~~~~~~~~~~~~~~~~~~~~~~~[m[K
[01m[K/application/rightbot_ws/src/actuator_interface/motor/src/motor_feedback.cpp:75:13:[m[K [01;35m[Kwarning: [m[Kunused variable ‘[01m[Krpm[m[K’ [[01;35m[K-Wunused-variable[m[K]
   75 |     int32_t [01;35m[Krpm[m[K;
      |             [01;35m[K^~~[m[K
[01m[K/application/rightbot_ws/src/actuator_interface/motor/src/motor_feedback.cpp:[m[K In member function ‘[01m[Kint MotorFeedback::motor_system_status_read(int, uint32_t*, uint32_t*, int)[m[K’:
[01m[K/application/rightbot_ws/src/actuator_interface/motor/src/motor_feedback.cpp:99:11:[m[K [01;35m[Kwarning: [m[Kcomparison of integer expressions of different signedness: ‘[01m[Kuint32_t[m[K’ {aka ‘[01m[Kunsigned int[m[K’} and ‘[01m[Kint[m[K’ [[01;35m[K-Wsign-compare[m[K]
   99 |  if ([01;35m[Kf.id == (PDO_TX4_ID + motor_id)[m[K)
      |      [01;35m[K~~~~~^~~~~~~~~~~~~~~~~~~~~~~~~~[m[K
[01m[K/application/rightbot_ws/src/actuator_interface/motor/src/motor_feedback.cpp:[m[K In member function ‘[01m[Kint MotorFeedback::motorFeedback(int, MotorFeedback::feedback_s*)[m[K’:
[01m[K/application/rightbot_ws/src/actuator_interface/motor/src/motor_feedback.cpp:124:1:[m[K [01;35m[Kwarning: [m[Kno return statement in function returning non-void [[01;35m[K-Wreturn-type[m[K]
  124 | [01;35m[K}[m[K
      | [01;35m[K^[m[K
In file included from [01m[K/application/rightbot_ws/src/actuator_interface/actuators/motor_actuator/../../motor/include/../../canopen/canopen.h:3[m[K,
                 from [01m[K/application/rightbot_ws/src/actuator_interface/actuators/motor_actuator/../../motor/include/sockets.hpp:9[m[K,
                 from [01m[K/application/rightbot_ws/src/actuator_interface/actuators/motor_actuator/../../motor/include/motor_feedback.hpp:8[m[K,
                 from [01m[K/application/rightbot_ws/src/actuator_interface/motor/src/motor_feedback.cpp:1[m[K:
[01m[K/application/rightbot_ws/src/actuator_interface/actuators/motor_actuator/../../motor/include/../../canopen/NMT.h:[m[K At global scope:
[01m[K/application/rightbot_ws/src/actuator_interface/actuators/motor_actuator/../../motor/include/../../canopen/NMT.h:16:3:[m[K [01;35m[Kwarning: [m[K‘[01m[KNMT_transisions_t[m[K’ defined but not used [[01;35m[K-Wunused-variable[m[K]
   16 | } [01;35m[KNMT_transisions_t[m[K;
      |   [01;35m[K^~~~~~~~~~~~~~~~~[m[K
[ 22%] [32m[1mLinking CXX shared library libmotor_actuator.so[0m
[ 77%] Built target motor_actuator
[ 88%] [32m[1mLinking CXX executable motor_actuator_test[0m
[100%] Built target motor_actuator_test
-- Install configuration: ""
-- Up-to-date: /application/rightbot_ws/src/actuator_interface/install/motor_actuator/include/
-- Up-to-date: /application/rightbot_ws/src/actuator_interface/install/motor_actuator/include//motor_actuator
-- Up-to-date: /application/rightbot_ws/src/actuator_interface/install/motor_actuator/include//motor_actuator/motor_actuator.hpp
-- Execute custom install script
-- Up-to-date symlink: /application/rightbot_ws/src/actuator_interface/install/motor_actuator/share/motor_actuator/environment/library_path.sh
-- Up-to-date symlink: /application/rightbot_ws/src/actuator_interface/install/motor_actuator/share/motor_actuator/environment/library_path.dsv
-- Up-to-date symlink: /application/rightbot_ws/src/actuator_interface/install/motor_actuator/lib/motor_actuator/motor_actuator_test
-- Up-to-date symlink: /application/rightbot_ws/src/actuator_interface/install/motor_actuator/share/ament_index/resource_index/package_run_dependencies/motor_actuator
-- Up-to-date symlink: /application/rightbot_ws/src/actuator_interface/install/motor_actuator/share/ament_index/resource_index/parent_prefix_path/motor_actuator
-- Up-to-date symlink: /application/rightbot_ws/src/actuator_interface/install/motor_actuator/share/motor_actuator/environment/ament_prefix_path.sh
-- Up-to-date symlink: /application/rightbot_ws/src/actuator_interface/install/motor_actuator/share/motor_actuator/environment/ament_prefix_path.dsv
-- Up-to-date symlink: /application/rightbot_ws/src/actuator_interface/install/motor_actuator/share/motor_actuator/environment/path.sh
-- Up-to-date symlink: /application/rightbot_ws/src/actuator_interface/install/motor_actuator/share/motor_actuator/environment/path.dsv
-- Up-to-date symlink: /application/rightbot_ws/src/actuator_interface/install/motor_actuator/share/motor_actuator/local_setup.bash
-- Up-to-date symlink: /application/rightbot_ws/src/actuator_interface/install/motor_actuator/share/motor_actuator/local_setup.sh
-- Up-to-date symlink: /application/rightbot_ws/src/actuator_interface/install/motor_actuator/share/motor_actuator/local_setup.zsh
-- Up-to-date symlink: /application/rightbot_ws/src/actuator_interface/install/motor_actuator/share/motor_actuator/local_setup.dsv
-- Symlinking: /application/rightbot_ws/src/actuator_interface/install/motor_actuator/share/motor_actuator/package.dsv
-- Up-to-date symlink: /application/rightbot_ws/src/actuator_interface/install/motor_actuator/share/ament_index/resource_index/packages/motor_actuator
-- Up-to-date symlink: /application/rightbot_ws/src/actuator_interface/install/motor_actuator/share/motor_actuator/cmake/ament_cmake_export_targets-extras.cmake
-- Up-to-date symlink: /application/rightbot_ws/src/actuator_interface/install/motor_actuator/share/motor_actuator/cmake/motor_actuatorConfig.cmake
-- Up-to-date symlink: /application/rightbot_ws/src/actuator_interface/install/motor_actuator/share/motor_actuator/cmake/motor_actuatorConfig-version.cmake
-- Up-to-date symlink: /application/rightbot_ws/src/actuator_interface/install/motor_actuator/share/motor_actuator/package.xml
-- Installing: /application/rightbot_ws/src/actuator_interface/install/motor_actuator/lib/libmotor_actuator.so
-- Set runtime path of "/application/rightbot_ws/src/actuator_interface/install/motor_actuator/lib/libmotor_actuator.so" to ""
-- Up-to-date: /application/rightbot_ws/src/actuator_interface/install/motor_actuator/share/motor_actuator/cmake/motor_actuatorExport.cmake
-- Up-to-date: /application/rightbot_ws/src/actuator_interface/install/motor_actuator/share/motor_actuator/cmake/motor_actuatorExport-noconfig.cmake
