[35m[1mScanning dependencies of target motor_actuator[0m
[ 11%] [32mBuilding CXX object CMakeFiles/motor_actuator.dir/application/rightbot_ws/src/actuator_interface/motor/src/motor_feedback.cpp.o[0m
[ 22%] [32m[1mLinking CXX shared library libmotor_actuator.so[0m
[ 77%] Built target motor_actuator
[ 88%] [32m[1mLinking CXX executable motor_actuator_test[0m
[100%] Built target motor_actuator_test
-- Install configuration: ""
-- Up-to-date: /application/rightbot_ws/src/actuator_interface/install/motor_actuator/include/
-- Up-to-date: /application/rightbot_ws/src/actuator_interface/install/motor_actuator/include//motor_actuator
-- Up-to-date: /application/rightbot_ws/src/actuator_interface/install/motor_actuator/include//motor_actuator/motor_actuator.hpp
-- Execute custom install script
-- Up-to-date symlink: /application/rightbot_ws/src/actuator_interface/install/motor_actuator/share/motor_actuator/environment/library_path.sh
-- Up-to-date symlink: /application/rightbot_ws/src/actuator_interface/install/motor_actuator/share/motor_actuator/environment/library_path.dsv
-- Up-to-date symlink: /application/rightbot_ws/src/actuator_interface/install/motor_actuator/lib/motor_actuator/motor_actuator_test
-- Up-to-date symlink: /application/rightbot_ws/src/actuator_interface/install/motor_actuator/share/ament_index/resource_index/package_run_dependencies/motor_actuator
-- Up-to-date symlink: /application/rightbot_ws/src/actuator_interface/install/motor_actuator/share/ament_index/resource_index/parent_prefix_path/motor_actuator
-- Up-to-date symlink: /application/rightbot_ws/src/actuator_interface/install/motor_actuator/share/motor_actuator/environment/ament_prefix_path.sh
-- Up-to-date symlink: /application/rightbot_ws/src/actuator_interface/install/motor_actuator/share/motor_actuator/environment/ament_prefix_path.dsv
-- Up-to-date symlink: /application/rightbot_ws/src/actuator_interface/install/motor_actuator/share/motor_actuator/environment/path.sh
-- Up-to-date symlink: /application/rightbot_ws/src/actuator_interface/install/motor_actuator/share/motor_actuator/environment/path.dsv
-- Up-to-date symlink: /application/rightbot_ws/src/actuator_interface/install/motor_actuator/share/motor_actuator/local_setup.bash
-- Up-to-date symlink: /application/rightbot_ws/src/actuator_interface/install/motor_actuator/share/motor_actuator/local_setup.sh
-- Up-to-date symlink: /application/rightbot_ws/src/actuator_interface/install/motor_actuator/share/motor_actuator/local_setup.zsh
-- Up-to-date symlink: /application/rightbot_ws/src/actuator_interface/install/motor_actuator/share/motor_actuator/local_setup.dsv
-- Symlinking: /application/rightbot_ws/src/actuator_interface/install/motor_actuator/share/motor_actuator/package.dsv
-- Up-to-date symlink: /application/rightbot_ws/src/actuator_interface/install/motor_actuator/share/ament_index/resource_index/packages/motor_actuator
-- Up-to-date symlink: /application/rightbot_ws/src/actuator_interface/install/motor_actuator/share/motor_actuator/cmake/ament_cmake_export_targets-extras.cmake
-- Up-to-date symlink: /application/rightbot_ws/src/actuator_interface/install/motor_actuator/share/motor_actuator/cmake/motor_actuatorConfig.cmake
-- Up-to-date symlink: /application/rightbot_ws/src/actuator_interface/install/motor_actuator/share/motor_actuator/cmake/motor_actuatorConfig-version.cmake
-- Up-to-date symlink: /application/rightbot_ws/src/actuator_interface/install/motor_actuator/share/motor_actuator/package.xml
-- Installing: /application/rightbot_ws/src/actuator_interface/install/motor_actuator/lib/libmotor_actuator.so
-- Set runtime path of "/application/rightbot_ws/src/actuator_interface/install/motor_actuator/lib/libmotor_actuator.so" to ""
-- Up-to-date: /application/rightbot_ws/src/actuator_interface/install/motor_actuator/share/motor_actuator/cmake/motor_actuatorExport.cmake
-- Up-to-date: /application/rightbot_ws/src/actuator_interface/install/motor_actuator/share/motor_actuator/cmake/motor_actuatorExport-noconfig.cmake
