[0.014s] Invoking command in '/application/rightbot_ws/src/actuator_interface/build/motor_actuator': AMENT_PREFIX_PATH=/application/rightbot_ws/src/actuator_interface/install/motor:/application/rightbot_ws/src/actuator_interface/install/actuator:${AMENT_PREFIX_PATH} CMAKE_PREFIX_PATH=/application/rightbot_ws/src/actuator_interface/install/motor:/application/rightbot_ws/src/actuator_interface/install/actuator:/application/rightbot_ws/install/motor_test:/application/rightbot_ws/install/encoder_sensor:/application/rightbot_ws/install/sensor:/application/rightbot_ws/install/motor_actuator:/application/rightbot_ws/install/motor:/application/rightbot_ws/install/actuator:/opt/ros/rolling LD_LIBRARY_PATH=/application/rightbot_ws/src/actuator_interface/install/motor/lib:/application/rightbot_ws/src/actuator_interface/install/actuator/lib:${LD_LIBRARY_PATH} /usr/bin/cmake --build /application/rightbot_ws/src/actuator_interface/build/motor_actuator -- -j4 -l4
[0.048s] [35m[1mScanning dependencies of target motor_actuator[0m
[0.058s] [ 11%] [32mBuilding CXX object CMakeFiles/motor_actuator.dir/application/rightbot_ws/src/actuator_interface/motor/src/motor_feedback.cpp.o[0m
[0.531s] [01m[K/application/rightbot_ws/src/actuator_interface/motor/src/motor_feedback.cpp:[m[K In member function ‘[01m[Kint MotorFeedback::motor_status_n_voltage_read(int, uint16_t*, float*, int)[m[K’:
[0.532s] [01m[K/application/rightbot_ws/src/actuator_interface/motor/src/motor_feedback.cpp:33:11:[m[K [01;35m[Kwarning: [m[Kcomparison of integer expressions of different signedness: ‘[01m[Kuint32_t[m[K’ {aka ‘[01m[Kunsigned int[m[K’} and ‘[01m[Kint[m[K’ [[01;35m[K-Wsign-compare[m[K]
[0.532s]    33 |  if ([01;35m[Kf.id == (PDO_TX1_ID + motor_id)[m[K){
[0.532s]       |      [01;35m[K~~~~~^~~~~~~~~~~~~~~~~~~~~~~~~~[m[K
[0.532s] [01m[K/application/rightbot_ws/src/actuator_interface/motor/src/motor_feedback.cpp:[m[K In member function ‘[01m[Kint MotorFeedback::motor_enc_read(int, uint32_t*, int)[m[K’:
[0.532s] [01m[K/application/rightbot_ws/src/actuator_interface/motor/src/motor_feedback.cpp:51:11:[m[K [01;35m[Kwarning: [m[Kcomparison of integer expressions of different signedness: ‘[01m[Kuint32_t[m[K’ {aka ‘[01m[Kunsigned int[m[K’} and ‘[01m[Kint[m[K’ [[01;35m[K-Wsign-compare[m[K]
[0.532s]    51 |  if ([01;35m[Kf.id == (PDO_TX3_ID + motor_id)[m[K)
[0.532s]       |      [01;35m[K~~~~~^~~~~~~~~~~~~~~~~~~~~~~~~~[m[K
[0.532s] [01m[K/application/rightbot_ws/src/actuator_interface/motor/src/motor_feedback.cpp:[m[K In member function ‘[01m[Kint MotorFeedback::motor_vel_read(int, double*, int)[m[K’:
[0.532s] [01m[K/application/rightbot_ws/src/actuator_interface/motor/src/motor_feedback.cpp:81:11:[m[K [01;35m[Kwarning: [m[Kcomparison of integer expressions of different signedness: ‘[01m[Kuint32_t[m[K’ {aka ‘[01m[Kunsigned int[m[K’} and ‘[01m[Kint[m[K’ [[01;35m[K-Wsign-compare[m[K]
[0.532s]    81 |  if ([01;35m[Kf.id == (PDO_TX2_ID + motor_id)[m[K)
[0.532s]       |      [01;35m[K~~~~~^~~~~~~~~~~~~~~~~~~~~~~~~~[m[K
[0.532s] [01m[K/application/rightbot_ws/src/actuator_interface/motor/src/motor_feedback.cpp:75:13:[m[K [01;35m[Kwarning: [m[Kunused variable ‘[01m[Krpm[m[K’ [[01;35m[K-Wunused-variable[m[K]
[0.532s]    75 |     int32_t [01;35m[Krpm[m[K;
[0.532s]       |             [01;35m[K^~~[m[K
[0.532s] [01m[K/application/rightbot_ws/src/actuator_interface/motor/src/motor_feedback.cpp:[m[K In member function ‘[01m[Kint MotorFeedback::motor_system_status_read(int, uint32_t*, uint32_t*, int)[m[K’:
[0.532s] [01m[K/application/rightbot_ws/src/actuator_interface/motor/src/motor_feedback.cpp:99:11:[m[K [01;35m[Kwarning: [m[Kcomparison of integer expressions of different signedness: ‘[01m[Kuint32_t[m[K’ {aka ‘[01m[Kunsigned int[m[K’} and ‘[01m[Kint[m[K’ [[01;35m[K-Wsign-compare[m[K]
[0.532s]    99 |  if ([01;35m[Kf.id == (PDO_TX4_ID + motor_id)[m[K)
[0.532s]       |      [01;35m[K~~~~~^~~~~~~~~~~~~~~~~~~~~~~~~~[m[K
[0.533s] [01m[K/application/rightbot_ws/src/actuator_interface/motor/src/motor_feedback.cpp:[m[K In member function ‘[01m[Kint MotorFeedback::motorFeedback(int, MotorFeedback::feedback_s*)[m[K’:
[0.533s] [01m[K/application/rightbot_ws/src/actuator_interface/motor/src/motor_feedback.cpp:124:1:[m[K [01;35m[Kwarning: [m[Kno return statement in function returning non-void [[01;35m[K-Wreturn-type[m[K]
[0.533s]   124 | [01;35m[K}[m[K
[0.533s]       | [01;35m[K^[m[K
[1.820s] In file included from [01m[K/application/rightbot_ws/src/actuator_interface/actuators/motor_actuator/../../motor/include/../../canopen/canopen.h:3[m[K,
[1.821s]                  from [01m[K/application/rightbot_ws/src/actuator_interface/actuators/motor_actuator/../../motor/include/sockets.hpp:9[m[K,
[1.821s]                  from [01m[K/application/rightbot_ws/src/actuator_interface/actuators/motor_actuator/../../motor/include/motor_feedback.hpp:8[m[K,
[1.821s]                  from [01m[K/application/rightbot_ws/src/actuator_interface/motor/src/motor_feedback.cpp:1[m[K:
[1.821s] [01m[K/application/rightbot_ws/src/actuator_interface/actuators/motor_actuator/../../motor/include/../../canopen/NMT.h:[m[K At global scope:
[1.821s] [01m[K/application/rightbot_ws/src/actuator_interface/actuators/motor_actuator/../../motor/include/../../canopen/NMT.h:16:3:[m[K [01;35m[Kwarning: [m[K‘[01m[KNMT_transisions_t[m[K’ defined but not used [[01;35m[K-Wunused-variable[m[K]
[1.821s]    16 | } [01;35m[KNMT_transisions_t[m[K;
[1.821s]       |   [01;35m[K^~~~~~~~~~~~~~~~~[m[K
[3.527s] [ 22%] [32m[1mLinking CXX shared library libmotor_actuator.so[0m
[4.084s] [ 77%] Built target motor_actuator
[4.100s] [ 88%] [32m[1mLinking CXX executable motor_actuator_test[0m
[4.278s] [100%] Built target motor_actuator_test
[4.286s] Invoked command in '/application/rightbot_ws/src/actuator_interface/build/motor_actuator' returned '0': AMENT_PREFIX_PATH=/application/rightbot_ws/src/actuator_interface/install/motor:/application/rightbot_ws/src/actuator_interface/install/actuator:${AMENT_PREFIX_PATH} CMAKE_PREFIX_PATH=/application/rightbot_ws/src/actuator_interface/install/motor:/application/rightbot_ws/src/actuator_interface/install/actuator:/application/rightbot_ws/install/motor_test:/application/rightbot_ws/install/encoder_sensor:/application/rightbot_ws/install/sensor:/application/rightbot_ws/install/motor_actuator:/application/rightbot_ws/install/motor:/application/rightbot_ws/install/actuator:/opt/ros/rolling LD_LIBRARY_PATH=/application/rightbot_ws/src/actuator_interface/install/motor/lib:/application/rightbot_ws/src/actuator_interface/install/actuator/lib:${LD_LIBRARY_PATH} /usr/bin/cmake --build /application/rightbot_ws/src/actuator_interface/build/motor_actuator -- -j4 -l4
[4.312s] Invoking command in '/application/rightbot_ws/src/actuator_interface/build/motor_actuator': AMENT_PREFIX_PATH=/application/rightbot_ws/src/actuator_interface/install/motor:/application/rightbot_ws/src/actuator_interface/install/actuator:${AMENT_PREFIX_PATH} CMAKE_PREFIX_PATH=/application/rightbot_ws/src/actuator_interface/install/motor:/application/rightbot_ws/src/actuator_interface/install/actuator:/application/rightbot_ws/install/motor_test:/application/rightbot_ws/install/encoder_sensor:/application/rightbot_ws/install/sensor:/application/rightbot_ws/install/motor_actuator:/application/rightbot_ws/install/motor:/application/rightbot_ws/install/actuator:/opt/ros/rolling LD_LIBRARY_PATH=/application/rightbot_ws/src/actuator_interface/install/motor/lib:/application/rightbot_ws/src/actuator_interface/install/actuator/lib:${LD_LIBRARY_PATH} /usr/bin/cmake --install /application/rightbot_ws/src/actuator_interface/build/motor_actuator
[4.319s] -- Install configuration: ""
[4.319s] -- Up-to-date: /application/rightbot_ws/src/actuator_interface/install/motor_actuator/include/
[4.319s] -- Up-to-date: /application/rightbot_ws/src/actuator_interface/install/motor_actuator/include//motor_actuator
[4.319s] -- Up-to-date: /application/rightbot_ws/src/actuator_interface/install/motor_actuator/include//motor_actuator/motor_actuator.hpp
[4.319s] -- Execute custom install script
[4.320s] -- Up-to-date symlink: /application/rightbot_ws/src/actuator_interface/install/motor_actuator/share/motor_actuator/environment/library_path.sh
[4.320s] -- Up-to-date symlink: /application/rightbot_ws/src/actuator_interface/install/motor_actuator/share/motor_actuator/environment/library_path.dsv
[4.320s] -- Up-to-date symlink: /application/rightbot_ws/src/actuator_interface/install/motor_actuator/lib/motor_actuator/motor_actuator_test
[4.321s] -- Up-to-date symlink: /application/rightbot_ws/src/actuator_interface/install/motor_actuator/share/ament_index/resource_index/package_run_dependencies/motor_actuator
[4.321s] -- Up-to-date symlink: /application/rightbot_ws/src/actuator_interface/install/motor_actuator/share/ament_index/resource_index/parent_prefix_path/motor_actuator
[4.321s] -- Up-to-date symlink: /application/rightbot_ws/src/actuator_interface/install/motor_actuator/share/motor_actuator/environment/ament_prefix_path.sh
[4.321s] -- Up-to-date symlink: /application/rightbot_ws/src/actuator_interface/install/motor_actuator/share/motor_actuator/environment/ament_prefix_path.dsv
[4.322s] -- Up-to-date symlink: /application/rightbot_ws/src/actuator_interface/install/motor_actuator/share/motor_actuator/environment/path.sh
[4.322s] -- Up-to-date symlink: /application/rightbot_ws/src/actuator_interface/install/motor_actuator/share/motor_actuator/environment/path.dsv
[4.322s] -- Up-to-date symlink: /application/rightbot_ws/src/actuator_interface/install/motor_actuator/share/motor_actuator/local_setup.bash
[4.322s] -- Up-to-date symlink: /application/rightbot_ws/src/actuator_interface/install/motor_actuator/share/motor_actuator/local_setup.sh
[4.323s] -- Up-to-date symlink: /application/rightbot_ws/src/actuator_interface/install/motor_actuator/share/motor_actuator/local_setup.zsh
[4.323s] -- Up-to-date symlink: /application/rightbot_ws/src/actuator_interface/install/motor_actuator/share/motor_actuator/local_setup.dsv
[4.323s] -- Symlinking: /application/rightbot_ws/src/actuator_interface/install/motor_actuator/share/motor_actuator/package.dsv
[4.330s] -- Up-to-date symlink: /application/rightbot_ws/src/actuator_interface/install/motor_actuator/share/ament_index/resource_index/packages/motor_actuator
[4.330s] -- Up-to-date symlink: /application/rightbot_ws/src/actuator_interface/install/motor_actuator/share/motor_actuator/cmake/ament_cmake_export_targets-extras.cmake
[4.330s] -- Up-to-date symlink: /application/rightbot_ws/src/actuator_interface/install/motor_actuator/share/motor_actuator/cmake/motor_actuatorConfig.cmake
[4.331s] -- Up-to-date symlink: /application/rightbot_ws/src/actuator_interface/install/motor_actuator/share/motor_actuator/cmake/motor_actuatorConfig-version.cmake
[4.331s] -- Up-to-date symlink: /application/rightbot_ws/src/actuator_interface/install/motor_actuator/share/motor_actuator/package.xml
[4.331s] -- Installing: /application/rightbot_ws/src/actuator_interface/install/motor_actuator/lib/libmotor_actuator.so
[4.334s] -- Set runtime path of "/application/rightbot_ws/src/actuator_interface/install/motor_actuator/lib/libmotor_actuator.so" to ""
[4.334s] -- Up-to-date: /application/rightbot_ws/src/actuator_interface/install/motor_actuator/share/motor_actuator/cmake/motor_actuatorExport.cmake
[4.334s] -- Up-to-date: /application/rightbot_ws/src/actuator_interface/install/motor_actuator/share/motor_actuator/cmake/motor_actuatorExport-noconfig.cmake
[4.337s] Invoked command in '/application/rightbot_ws/src/actuator_interface/build/motor_actuator' returned '0': AMENT_PREFIX_PATH=/application/rightbot_ws/src/actuator_interface/install/motor:/application/rightbot_ws/src/actuator_interface/install/actuator:${AMENT_PREFIX_PATH} CMAKE_PREFIX_PATH=/application/rightbot_ws/src/actuator_interface/install/motor:/application/rightbot_ws/src/actuator_interface/install/actuator:/application/rightbot_ws/install/motor_test:/application/rightbot_ws/install/encoder_sensor:/application/rightbot_ws/install/sensor:/application/rightbot_ws/install/motor_actuator:/application/rightbot_ws/install/motor:/application/rightbot_ws/install/actuator:/opt/ros/rolling LD_LIBRARY_PATH=/application/rightbot_ws/src/actuator_interface/install/motor/lib:/application/rightbot_ws/src/actuator_interface/install/actuator/lib:${LD_LIBRARY_PATH} /usr/bin/cmake --install /application/rightbot_ws/src/actuator_interface/build/motor_actuator
