[ 60%] Built target encoder_sensor
[100%] Built target encoder_sensor_test
-- Install configuration: ""
-- Up-to-date: /application/rightbot_ws/src/actuator_interface/install/encoder_sensor/include/
-- Up-to-date: /application/rightbot_ws/src/actuator_interface/install/encoder_sensor/include//encoder_sensor
-- Up-to-date: /application/rightbot_ws/src/actuator_interface/install/encoder_sensor/include//encoder_sensor/encoder_sensor.hpp
-- Execute custom install script
-- Up-to-date symlink: /application/rightbot_ws/src/actuator_interface/install/encoder_sensor/share/encoder_sensor/environment/library_path.sh
-- Up-to-date symlink: /application/rightbot_ws/src/actuator_interface/install/encoder_sensor/share/encoder_sensor/environment/library_path.dsv
-- Up-to-date symlink: /application/rightbot_ws/src/actuator_interface/install/encoder_sensor/lib/encoder_sensor/encoder_sensor_test
-- Up-to-date symlink: /application/rightbot_ws/src/actuator_interface/install/encoder_sensor/share/ament_index/resource_index/package_run_dependencies/encoder_sensor
-- Up-to-date symlink: /application/rightbot_ws/src/actuator_interface/install/encoder_sensor/share/ament_index/resource_index/parent_prefix_path/encoder_sensor
-- Up-to-date symlink: /application/rightbot_ws/src/actuator_interface/install/encoder_sensor/share/encoder_sensor/environment/ament_prefix_path.sh
-- Up-to-date symlink: /application/rightbot_ws/src/actuator_interface/install/encoder_sensor/share/encoder_sensor/environment/ament_prefix_path.dsv
-- Up-to-date symlink: /application/rightbot_ws/src/actuator_interface/install/encoder_sensor/share/encoder_sensor/environment/path.sh
-- Up-to-date symlink: /application/rightbot_ws/src/actuator_interface/install/encoder_sensor/share/encoder_sensor/environment/path.dsv
-- Up-to-date symlink: /application/rightbot_ws/src/actuator_interface/install/encoder_sensor/share/encoder_sensor/local_setup.bash
-- Up-to-date symlink: /application/rightbot_ws/src/actuator_interface/install/encoder_sensor/share/encoder_sensor/local_setup.sh
-- Up-to-date symlink: /application/rightbot_ws/src/actuator_interface/install/encoder_sensor/share/encoder_sensor/local_setup.zsh
-- Up-to-date symlink: /application/rightbot_ws/src/actuator_interface/install/encoder_sensor/share/encoder_sensor/local_setup.dsv
-- Symlinking: /application/rightbot_ws/src/actuator_interface/install/encoder_sensor/share/encoder_sensor/package.dsv
-- Up-to-date symlink: /application/rightbot_ws/src/actuator_interface/install/encoder_sensor/share/ament_index/resource_index/packages/encoder_sensor
-- Up-to-date symlink: /application/rightbot_ws/src/actuator_interface/install/encoder_sensor/share/encoder_sensor/cmake/ament_cmake_export_targets-extras.cmake
-- Up-to-date symlink: /application/rightbot_ws/src/actuator_interface/install/encoder_sensor/share/encoder_sensor/cmake/encoder_sensorConfig.cmake
-- Up-to-date symlink: /application/rightbot_ws/src/actuator_interface/install/encoder_sensor/share/encoder_sensor/cmake/encoder_sensorConfig-version.cmake
-- Up-to-date symlink: /application/rightbot_ws/src/actuator_interface/install/encoder_sensor/share/encoder_sensor/package.xml
-- Up-to-date: /application/rightbot_ws/src/actuator_interface/install/encoder_sensor/lib/libencoder_sensor.so
-- Up-to-date: /application/rightbot_ws/src/actuator_interface/install/encoder_sensor/share/encoder_sensor/cmake/encoder_sensorExport.cmake
-- Up-to-date: /application/rightbot_ws/src/actuator_interface/install/encoder_sensor/share/encoder_sensor/cmake/encoder_sensorExport-noconfig.cmake
