[0.015s] Invoking command in '/application/rightbot_ws/src/actuator_interface/build/encoder_sensor': AMENT_PREFIX_PATH=/application/rightbot_ws/src/actuator_interface/install/sensor:/application/rightbot_ws/src/actuator_interface/install/motor:${AMENT_PREFIX_PATH} CMAKE_PREFIX_PATH=/application/rightbot_ws/src/actuator_interface/install/sensor:/application/rightbot_ws/src/actuator_interface/install/motor:/application/rightbot_ws/install/motor_test:/application/rightbot_ws/install/encoder_sensor:/application/rightbot_ws/install/sensor:/application/rightbot_ws/install/motor_actuator:/application/rightbot_ws/install/motor:/application/rightbot_ws/install/actuator:/opt/ros/rolling LD_LIBRARY_PATH=/application/rightbot_ws/src/actuator_interface/install/sensor/lib:/application/rightbot_ws/src/actuator_interface/install/motor/lib:${LD_LIBRARY_PATH} /usr/bin/cmake --build /application/rightbot_ws/src/actuator_interface/build/encoder_sensor -- -j4 -l4
[0.056s] [ 60%] Built target encoder_sensor
[0.073s] [100%] Built target encoder_sensor_test
[0.082s] Invoked command in '/application/rightbot_ws/src/actuator_interface/build/encoder_sensor' returned '0': AMENT_PREFIX_PATH=/application/rightbot_ws/src/actuator_interface/install/sensor:/application/rightbot_ws/src/actuator_interface/install/motor:${AMENT_PREFIX_PATH} CMAKE_PREFIX_PATH=/application/rightbot_ws/src/actuator_interface/install/sensor:/application/rightbot_ws/src/actuator_interface/install/motor:/application/rightbot_ws/install/motor_test:/application/rightbot_ws/install/encoder_sensor:/application/rightbot_ws/install/sensor:/application/rightbot_ws/install/motor_actuator:/application/rightbot_ws/install/motor:/application/rightbot_ws/install/actuator:/opt/ros/rolling LD_LIBRARY_PATH=/application/rightbot_ws/src/actuator_interface/install/sensor/lib:/application/rightbot_ws/src/actuator_interface/install/motor/lib:${LD_LIBRARY_PATH} /usr/bin/cmake --build /application/rightbot_ws/src/actuator_interface/build/encoder_sensor -- -j4 -l4
[0.104s] Invoking command in '/application/rightbot_ws/src/actuator_interface/build/encoder_sensor': AMENT_PREFIX_PATH=/application/rightbot_ws/src/actuator_interface/install/sensor:/application/rightbot_ws/src/actuator_interface/install/motor:${AMENT_PREFIX_PATH} CMAKE_PREFIX_PATH=/application/rightbot_ws/src/actuator_interface/install/sensor:/application/rightbot_ws/src/actuator_interface/install/motor:/application/rightbot_ws/install/motor_test:/application/rightbot_ws/install/encoder_sensor:/application/rightbot_ws/install/sensor:/application/rightbot_ws/install/motor_actuator:/application/rightbot_ws/install/motor:/application/rightbot_ws/install/actuator:/opt/ros/rolling LD_LIBRARY_PATH=/application/rightbot_ws/src/actuator_interface/install/sensor/lib:/application/rightbot_ws/src/actuator_interface/install/motor/lib:${LD_LIBRARY_PATH} /usr/bin/cmake --install /application/rightbot_ws/src/actuator_interface/build/encoder_sensor
[0.111s] -- Install configuration: ""
[0.111s] -- Up-to-date: /application/rightbot_ws/src/actuator_interface/install/encoder_sensor/include/
[0.112s] -- Up-to-date: /application/rightbot_ws/src/actuator_interface/install/encoder_sensor/include//encoder_sensor
[0.112s] -- Up-to-date: /application/rightbot_ws/src/actuator_interface/install/encoder_sensor/include//encoder_sensor/encoder_sensor.hpp
[0.112s] -- Execute custom install script
[0.112s] -- Up-to-date symlink: /application/rightbot_ws/src/actuator_interface/install/encoder_sensor/share/encoder_sensor/environment/library_path.sh
[0.112s] -- Up-to-date symlink: /application/rightbot_ws/src/actuator_interface/install/encoder_sensor/share/encoder_sensor/environment/library_path.dsv
[0.113s] -- Up-to-date symlink: /application/rightbot_ws/src/actuator_interface/install/encoder_sensor/lib/encoder_sensor/encoder_sensor_test
[0.113s] -- Up-to-date symlink: /application/rightbot_ws/src/actuator_interface/install/encoder_sensor/share/ament_index/resource_index/package_run_dependencies/encoder_sensor
[0.113s] -- Up-to-date symlink: /application/rightbot_ws/src/actuator_interface/install/encoder_sensor/share/ament_index/resource_index/parent_prefix_path/encoder_sensor
[0.114s] -- Up-to-date symlink: /application/rightbot_ws/src/actuator_interface/install/encoder_sensor/share/encoder_sensor/environment/ament_prefix_path.sh
[0.114s] -- Up-to-date symlink: /application/rightbot_ws/src/actuator_interface/install/encoder_sensor/share/encoder_sensor/environment/ament_prefix_path.dsv
[0.114s] -- Up-to-date symlink: /application/rightbot_ws/src/actuator_interface/install/encoder_sensor/share/encoder_sensor/environment/path.sh
[0.115s] -- Up-to-date symlink: /application/rightbot_ws/src/actuator_interface/install/encoder_sensor/share/encoder_sensor/environment/path.dsv
[0.115s] -- Up-to-date symlink: /application/rightbot_ws/src/actuator_interface/install/encoder_sensor/share/encoder_sensor/local_setup.bash
[0.115s] -- Up-to-date symlink: /application/rightbot_ws/src/actuator_interface/install/encoder_sensor/share/encoder_sensor/local_setup.sh
[0.115s] -- Up-to-date symlink: /application/rightbot_ws/src/actuator_interface/install/encoder_sensor/share/encoder_sensor/local_setup.zsh
[0.115s] -- Up-to-date symlink: /application/rightbot_ws/src/actuator_interface/install/encoder_sensor/share/encoder_sensor/local_setup.dsv
[0.116s] -- Symlinking: /application/rightbot_ws/src/actuator_interface/install/encoder_sensor/share/encoder_sensor/package.dsv
[0.123s] -- Up-to-date symlink: /application/rightbot_ws/src/actuator_interface/install/encoder_sensor/share/ament_index/resource_index/packages/encoder_sensor
[0.123s] -- Up-to-date symlink: /application/rightbot_ws/src/actuator_interface/install/encoder_sensor/share/encoder_sensor/cmake/ament_cmake_export_targets-extras.cmake
[0.123s] -- Up-to-date symlink: /application/rightbot_ws/src/actuator_interface/install/encoder_sensor/share/encoder_sensor/cmake/encoder_sensorConfig.cmake
[0.124s] -- Up-to-date symlink: /application/rightbot_ws/src/actuator_interface/install/encoder_sensor/share/encoder_sensor/cmake/encoder_sensorConfig-version.cmake
[0.124s] -- Up-to-date symlink: /application/rightbot_ws/src/actuator_interface/install/encoder_sensor/share/encoder_sensor/package.xml
[0.124s] -- Up-to-date: /application/rightbot_ws/src/actuator_interface/install/encoder_sensor/lib/libencoder_sensor.so
[0.125s] -- Up-to-date: /application/rightbot_ws/src/actuator_interface/install/encoder_sensor/share/encoder_sensor/cmake/encoder_sensorExport.cmake
[0.125s] -- Up-to-date: /application/rightbot_ws/src/actuator_interface/install/encoder_sensor/share/encoder_sensor/cmake/encoder_sensorExport-noconfig.cmake
[0.128s] Invoked command in '/application/rightbot_ws/src/actuator_interface/build/encoder_sensor' returned '0': AMENT_PREFIX_PATH=/application/rightbot_ws/src/actuator_interface/install/sensor:/application/rightbot_ws/src/actuator_interface/install/motor:${AMENT_PREFIX_PATH} CMAKE_PREFIX_PATH=/application/rightbot_ws/src/actuator_interface/install/sensor:/application/rightbot_ws/src/actuator_interface/install/motor:/application/rightbot_ws/install/motor_test:/application/rightbot_ws/install/encoder_sensor:/application/rightbot_ws/install/sensor:/application/rightbot_ws/install/motor_actuator:/application/rightbot_ws/install/motor:/application/rightbot_ws/install/actuator:/opt/ros/rolling LD_LIBRARY_PATH=/application/rightbot_ws/src/actuator_interface/install/sensor/lib:/application/rightbot_ws/src/actuator_interface/install/motor/lib:${LD_LIBRARY_PATH} /usr/bin/cmake --install /application/rightbot_ws/src/actuator_interface/build/encoder_sensor
